This file contains any messages produced by compilers while
running configure, to aid debugging if configure makes a mistake.

It was created by libscript-ruby configure 1.0, which was
generated by GNU Autoconf 2.69.  Invocation command line was

  $ ./configure --prefix=/home/drex/Documents/Spring2016/gsoc/jojoSoc/libscript/build

## --------- ##
## Platform. ##
## --------- ##

hostname = localhost
uname -m = x86_64
uname -r = 4.3.3-2-ARCH
uname -s = Linux
uname -v = #1 SMP PREEMPT Wed Dec 23 20:09:18 CET 2015

/usr/bin/uname -p = unknown
/bin/uname -X     = unknown

/bin/arch              = unknown
/usr/bin/arch -k       = unknown
/usr/convex/getsysinfo = unknown
/usr/bin/hostinfo      = unknown
/bin/machine           = unknown
/usr/bin/oslevel       = unknown
/bin/universe          = unknown

PATH: /usr/local/sbin
PATH: /usr/local/bin
PATH: /usr/bin
PATH: /usr/lib/jvm/default/bin
PATH: /usr/bin/site_perl
PATH: /usr/bin/vendor_perl
PATH: /usr/bin/core_perl
PATH: /home/drex/.rvm/bin


## ----------- ##
## Core tests. ##
## ----------- ##

configure:2262: checking for a BSD-compatible install
configure:2330: result: /usr/bin/install -c
configure:2341: checking whether build environment is sane
configure:2396: result: yes
configure:2547: checking for a thread-safe mkdir -p
configure:2586: result: /usr/bin/mkdir -p
configure:2593: checking for gawk
configure:2609: found /usr/bin/gawk
configure:2620: result: gawk
configure:2631: checking whether make sets $(MAKE)
configure:2653: result: yes
configure:2682: checking whether make supports nested variables
configure:2699: result: yes
configure:2858: checking build system type
configure:2872: result: x86_64-unknown-linux-gnu
configure:2892: checking host system type
configure:2905: result: x86_64-unknown-linux-gnu
configure:2946: checking how to print strings
configure:2973: result: printf
configure:3006: checking for style of include used by make
configure:3034: result: GNU
configure:3105: checking for gcc
configure:3121: found /usr/bin/gcc
configure:3132: result: gcc
configure:3361: checking for C compiler version
configure:3370: gcc --version >&5
gcc (GCC) 5.3.0
Copyright (C) 2015 Free Software Foundation, Inc.
This is free software; see the source for copying conditions.  There is NO
warranty; not even for MERCHANTABILITY or FITNESS FOR A PARTICULAR PURPOSE.

configure:3381: $? = 0
configure:3370: gcc -v >&5
Using built-in specs.
COLLECT_GCC=gcc
COLLECT_LTO_WRAPPER=/usr/lib/gcc/x86_64-unknown-linux-gnu/5.3.0/lto-wrapper
Target: x86_64-unknown-linux-gnu
Configured with: /build/gcc/src/gcc-5.3.0/configure --prefix=/usr --libdir=/usr/lib --libexecdir=/usr/lib --mandir=/usr/share/man --infodir=/usr/share/info --with-bugurl=https://bugs.archlinux.org/ --enable-languages=c,c++,ada,fortran,go,lto,objc,obj-c++ --enable-shared --enable-threads=posix --enable-libmpx --with-system-zlib --with-isl --enable-__cxa_atexit --disable-libunwind-exceptions --enable-clocale=gnu --disable-libstdcxx-pch --disable-libssp --enable-gnu-unique-object --enable-linker-build-id --enable-lto --enable-plugin --enable-install-libiberty --with-linker-hash-style=gnu --enable-gnu-indirect-function --disable-multilib --disable-werror --enable-checking=release
Thread model: posix
gcc version 5.3.0 (GCC) 
configure:3381: $? = 0
configure:3370: gcc -V >&5
gcc: error: unrecognized command line option '-V'
gcc: fatal error: no input files
compilation terminated.
configure:3381: $? = 1
configure:3370: gcc -qversion >&5
gcc: error: unrecognized command line option '-qversion'
gcc: fatal error: no input files
compilation terminated.
configure:3381: $? = 1
configure:3401: checking whether the C compiler works
configure:3423: gcc  -I/home/drex/Documents/Spring2016/gsoc/jojoSoc/libscript/build/include -L/home/drex/Documents/Spring2016/gsoc/jojoSoc/libscript/build/lib conftest.c  >&5
configure:3427: $? = 0
configure:3475: result: yes
configure:3478: checking for C compiler default output file name
configure:3480: result: a.out
configure:3486: checking for suffix of executables
configure:3493: gcc -o conftest  -I/home/drex/Documents/Spring2016/gsoc/jojoSoc/libscript/build/include -L/home/drex/Documents/Spring2016/gsoc/jojoSoc/libscript/build/lib conftest.c  >&5
configure:3497: $? = 0
configure:3519: result: 
configure:3541: checking whether we are cross compiling
configure:3549: gcc -o conftest  -I/home/drex/Documents/Spring2016/gsoc/jojoSoc/libscript/build/include -L/home/drex/Documents/Spring2016/gsoc/jojoSoc/libscript/build/lib conftest.c  >&5
configure:3553: $? = 0
configure:3560: ./conftest
configure:3564: $? = 0
configure:3579: result: no
configure:3584: checking for suffix of object files
configure:3606: gcc -c  -I/home/drex/Documents/Spring2016/gsoc/jojoSoc/libscript/build/include conftest.c >&5
configure:3610: $? = 0
configure:3631: result: o
configure:3635: checking whether we are using the GNU C compiler
configure:3654: gcc -c  -I/home/drex/Documents/Spring2016/gsoc/jojoSoc/libscript/build/include conftest.c >&5
configure:3654: $? = 0
configure:3663: result: yes
configure:3672: checking whether gcc accepts -g
configure:3692: gcc -c -g -I/home/drex/Documents/Spring2016/gsoc/jojoSoc/libscript/build/include conftest.c >&5
configure:3692: $? = 0
configure:3733: result: yes
configure:3750: checking for gcc option to accept ISO C89
configure:3813: gcc  -c -g -O2 -I/home/drex/Documents/Spring2016/gsoc/jojoSoc/libscript/build/include conftest.c >&5
configure:3813: $? = 0
configure:3826: result: none needed
configure:3851: checking whether gcc understands -c and -o together
configure:3873: gcc -c conftest.c -o conftest2.o
configure:3876: $? = 0
configure:3873: gcc -c conftest.c -o conftest2.o
configure:3876: $? = 0
configure:3888: result: yes
configure:3907: checking dependency style of gcc
configure:4018: result: gcc3
configure:4033: checking for a sed that does not truncate output
configure:4097: result: /usr/bin/sed
configure:4115: checking for grep that handles long lines and -e
configure:4173: result: /usr/bin/grep
configure:4178: checking for egrep
configure:4240: result: /usr/bin/grep -E
configure:4245: checking for fgrep
configure:4307: result: /usr/bin/grep -F
configure:4342: checking for ld used by gcc
configure:4409: result: /usr/bin/ld
configure:4416: checking if the linker (/usr/bin/ld) is GNU ld
configure:4431: result: yes
configure:4443: checking for BSD- or MS-compatible name lister (nm)
configure:4497: result: /usr/bin/nm -B
configure:4627: checking the name lister (/usr/bin/nm -B) interface
configure:4634: gcc -c -g -O2 -I/home/drex/Documents/Spring2016/gsoc/jojoSoc/libscript/build/include conftest.c >&5
configure:4637: /usr/bin/nm -B "conftest.o"
configure:4640: output
0000000000000000 B some_variable
configure:4647: result: BSD nm
configure:4650: checking whether ln -s works
configure:4654: result: yes
configure:4662: checking the maximum length of command line arguments
configure:4793: result: 1572864
configure:4841: checking how to convert x86_64-unknown-linux-gnu file names to x86_64-unknown-linux-gnu format
configure:4881: result: func_convert_file_noop
configure:4888: checking how to convert x86_64-unknown-linux-gnu file names to toolchain format
configure:4908: result: func_convert_file_noop
configure:4915: checking for /usr/bin/ld option to reload object files
configure:4922: result: -r
configure:4996: checking for objdump
configure:5012: found /usr/bin/objdump
configure:5023: result: objdump
configure:5055: checking how to recognize dependent libraries
configure:5255: result: pass_all
configure:5340: checking for dlltool
configure:5370: result: no
configure:5400: checking how to associate runtime and link libraries
configure:5427: result: printf %s\n
configure:5488: checking for ar
configure:5504: found /usr/bin/ar
configure:5515: result: ar
configure:5552: checking for archiver @FILE support
configure:5569: gcc -c -g -O2 -I/home/drex/Documents/Spring2016/gsoc/jojoSoc/libscript/build/include conftest.c >&5
configure:5569: $? = 0
configure:5572: ar cru libconftest.a @conftest.lst >&5
ar: `u' modifier ignored since `D' is the default (see `U')
configure:5575: $? = 0
configure:5580: ar cru libconftest.a @conftest.lst >&5
ar: `u' modifier ignored since `D' is the default (see `U')
ar: conftest.o: No such file or directory
configure:5583: $? = 1
configure:5595: result: @
configure:5653: checking for strip
configure:5669: found /usr/bin/strip
configure:5680: result: strip
configure:5752: checking for ranlib
configure:5768: found /usr/bin/ranlib
configure:5779: result: ranlib
configure:5881: checking command to parse /usr/bin/nm -B output from gcc object
configure:6034: gcc -c -g -O2 -I/home/drex/Documents/Spring2016/gsoc/jojoSoc/libscript/build/include conftest.c >&5
configure:6037: $? = 0
configure:6041: /usr/bin/nm -B conftest.o \| sed -n -e 's/^.*[ ]\([ABCDGIRSTW][ABCDGIRSTW]*\)[ ][ ]*\([_A-Za-z][_A-Za-z0-9]*\)$/\1 \2 \2/p' | sed '/ __gnu_lto/d' \> conftest.nm
configure:6044: $? = 0
configure:6110: gcc -o conftest -g -O2 -I/home/drex/Documents/Spring2016/gsoc/jojoSoc/libscript/build/include -L/home/drex/Documents/Spring2016/gsoc/jojoSoc/libscript/build/lib conftest.c conftstm.o >&5
configure:6113: $? = 0
configure:6151: result: ok
configure:6198: checking for sysroot
configure:6228: result: no
configure:6235: checking for a working dd
configure:6273: result: /usr/bin/dd
configure:6277: checking how to truncate binary pipes
configure:6292: result: /usr/bin/dd bs=4096 count=1
configure:6428: gcc -c -g -O2 -I/home/drex/Documents/Spring2016/gsoc/jojoSoc/libscript/build/include conftest.c >&5
configure:6431: $? = 0
configure:6621: checking for mt
configure:6651: result: no
configure:6671: checking if : is a manifest tool
configure:6677: : '-?'
configure:6685: result: no
configure:7362: checking how to run the C preprocessor
configure:7393: gcc -E -I/home/drex/Documents/Spring2016/gsoc/jojoSoc/libscript/build/include conftest.c
configure:7393: $? = 0
configure:7407: gcc -E -I/home/drex/Documents/Spring2016/gsoc/jojoSoc/libscript/build/include conftest.c
conftest.c:11:28: fatal error: ac_nonexistent.h: No such file or directory
compilation terminated.
configure:7407: $? = 1
configure: failed program was:
| /* confdefs.h */
| #define PACKAGE_NAME "libscript-ruby"
| #define PACKAGE_TARNAME "libscript-ruby"
| #define PACKAGE_VERSION "1.0"
| #define PACKAGE_STRING "libscript-ruby 1.0"
| #define PACKAGE_BUGREPORT "hisham@inf.puc-rio.br"
| #define PACKAGE_URL ""
| #define PACKAGE "libscript-ruby"
| #define VERSION "1.0"
| /* end confdefs.h.  */
| #include <ac_nonexistent.h>
configure:7432: result: gcc -E
configure:7452: gcc -E -I/home/drex/Documents/Spring2016/gsoc/jojoSoc/libscript/build/include conftest.c
configure:7452: $? = 0
configure:7466: gcc -E -I/home/drex/Documents/Spring2016/gsoc/jojoSoc/libscript/build/include conftest.c
conftest.c:11:28: fatal error: ac_nonexistent.h: No such file or directory
compilation terminated.
configure:7466: $? = 1
configure: failed program was:
| /* confdefs.h */
| #define PACKAGE_NAME "libscript-ruby"
| #define PACKAGE_TARNAME "libscript-ruby"
| #define PACKAGE_VERSION "1.0"
| #define PACKAGE_STRING "libscript-ruby 1.0"
| #define PACKAGE_BUGREPORT "hisham@inf.puc-rio.br"
| #define PACKAGE_URL ""
| #define PACKAGE "libscript-ruby"
| #define VERSION "1.0"
| /* end confdefs.h.  */
| #include <ac_nonexistent.h>
configure:7495: checking for ANSI C header files
configure:7515: gcc -c -g -O2 -I/home/drex/Documents/Spring2016/gsoc/jojoSoc/libscript/build/include conftest.c >&5
configure:7515: $? = 0
configure:7588: gcc -o conftest -g -O2 -I/home/drex/Documents/Spring2016/gsoc/jojoSoc/libscript/build/include -L/home/drex/Documents/Spring2016/gsoc/jojoSoc/libscript/build/lib conftest.c  >&5
configure:7588: $? = 0
configure:7588: ./conftest
configure:7588: $? = 0
configure:7599: result: yes
configure:7612: checking for sys/types.h
configure:7612: gcc -c -g -O2 -I/home/drex/Documents/Spring2016/gsoc/jojoSoc/libscript/build/include conftest.c >&5
configure:7612: $? = 0
configure:7612: result: yes
configure:7612: checking for sys/stat.h
configure:7612: gcc -c -g -O2 -I/home/drex/Documents/Spring2016/gsoc/jojoSoc/libscript/build/include conftest.c >&5
configure:7612: $? = 0
configure:7612: result: yes
configure:7612: checking for stdlib.h
configure:7612: gcc -c -g -O2 -I/home/drex/Documents/Spring2016/gsoc/jojoSoc/libscript/build/include conftest.c >&5
configure:7612: $? = 0
configure:7612: result: yes
configure:7612: checking for string.h
configure:7612: gcc -c -g -O2 -I/home/drex/Documents/Spring2016/gsoc/jojoSoc/libscript/build/include conftest.c >&5
configure:7612: $? = 0
configure:7612: result: yes
configure:7612: checking for memory.h
configure:7612: gcc -c -g -O2 -I/home/drex/Documents/Spring2016/gsoc/jojoSoc/libscript/build/include conftest.c >&5
configure:7612: $? = 0
configure:7612: result: yes
configure:7612: checking for strings.h
configure:7612: gcc -c -g -O2 -I/home/drex/Documents/Spring2016/gsoc/jojoSoc/libscript/build/include conftest.c >&5
configure:7612: $? = 0
configure:7612: result: yes
configure:7612: checking for inttypes.h
configure:7612: gcc -c -g -O2 -I/home/drex/Documents/Spring2016/gsoc/jojoSoc/libscript/build/include conftest.c >&5
configure:7612: $? = 0
configure:7612: result: yes
configure:7612: checking for stdint.h
configure:7612: gcc -c -g -O2 -I/home/drex/Documents/Spring2016/gsoc/jojoSoc/libscript/build/include conftest.c >&5
configure:7612: $? = 0
configure:7612: result: yes
configure:7612: checking for unistd.h
configure:7612: gcc -c -g -O2 -I/home/drex/Documents/Spring2016/gsoc/jojoSoc/libscript/build/include conftest.c >&5
configure:7612: $? = 0
configure:7612: result: yes
configure:7626: checking for dlfcn.h
configure:7626: gcc -c -g -O2 -I/home/drex/Documents/Spring2016/gsoc/jojoSoc/libscript/build/include conftest.c >&5
configure:7626: $? = 0
configure:7626: result: yes
configure:7882: checking for objdir
configure:7897: result: .libs
configure:8157: checking if gcc supports -fno-rtti -fno-exceptions
configure:8175: gcc -c -g -O2 -I/home/drex/Documents/Spring2016/gsoc/jojoSoc/libscript/build/include -fno-rtti -fno-exceptions conftest.c >&5
cc1: warning: command line option '-fno-rtti' is valid for C++/ObjC++ but not for C
configure:8179: $? = 0
configure:8192: result: no
configure:8550: checking for gcc option to produce PIC
configure:8557: result: -fPIC -DPIC
configure:8565: checking if gcc PIC flag -fPIC -DPIC works
configure:8583: gcc -c -g -O2 -I/home/drex/Documents/Spring2016/gsoc/jojoSoc/libscript/build/include -fPIC -DPIC -DPIC conftest.c >&5
configure:8587: $? = 0
configure:8600: result: yes
configure:8629: checking if gcc static flag -static works
configure:8657: result: yes
configure:8672: checking if gcc supports -c -o file.o
configure:8693: gcc -c -g -O2 -I/home/drex/Documents/Spring2016/gsoc/jojoSoc/libscript/build/include -o out/conftest2.o conftest.c >&5
configure:8697: $? = 0
configure:8719: result: yes
configure:8727: checking if gcc supports -c -o file.o
configure:8774: result: yes
configure:8807: checking whether the gcc linker (/usr/bin/ld -m elf_x86_64) supports shared libraries
configure:10066: result: yes
configure:10103: checking whether -lc should be explicitly linked in
configure:10111: gcc -c -g -O2 -I/home/drex/Documents/Spring2016/gsoc/jojoSoc/libscript/build/include conftest.c >&5
configure:10114: $? = 0
configure:10129: gcc -shared  -fPIC -DPIC conftest.o  -v -Wl,-soname -Wl,conftest -o conftest 2\>\&1 \| /usr/bin/grep  -lc  \>/dev/null 2\>\&1
configure:10132: $? = 0
configure:10146: result: no
configure:10306: checking dynamic linker characteristics
configure:10887: gcc -o conftest -g -O2 -I/home/drex/Documents/Spring2016/gsoc/jojoSoc/libscript/build/include -L/home/drex/Documents/Spring2016/gsoc/jojoSoc/libscript/build/lib -Wl,-rpath -Wl,/foo conftest.c  >&5
configure:10887: $? = 0
configure:11124: result: GNU/Linux ld.so
configure:11246: checking how to hardcode library paths into programs
configure:11271: result: immediate
configure:11819: checking whether stripping libraries is possible
configure:11824: result: yes
configure:11859: checking if libtool supports shared libraries
configure:11861: result: yes
configure:11864: checking whether to build shared libraries
configure:11889: result: yes
configure:11892: checking whether to build static libraries
configure:11896: result: yes
configure:11984: checking for gcc
configure:12011: result: gcc
configure:12240: checking for C compiler version
configure:12249: gcc --version >&5
gcc (GCC) 5.3.0
Copyright (C) 2015 Free Software Foundation, Inc.
This is free software; see the source for copying conditions.  There is NO
warranty; not even for MERCHANTABILITY or FITNESS FOR A PARTICULAR PURPOSE.

configure:12260: $? = 0
configure:12249: gcc -v >&5
Using built-in specs.
COLLECT_GCC=gcc
COLLECT_LTO_WRAPPER=/usr/lib/gcc/x86_64-unknown-linux-gnu/5.3.0/lto-wrapper
Target: x86_64-unknown-linux-gnu
Configured with: /build/gcc/src/gcc-5.3.0/configure --prefix=/usr --libdir=/usr/lib --libexecdir=/usr/lib --mandir=/usr/share/man --infodir=/usr/share/info --with-bugurl=https://bugs.archlinux.org/ --enable-languages=c,c++,ada,fortran,go,lto,objc,obj-c++ --enable-shared --enable-threads=posix --enable-libmpx --with-system-zlib --with-isl --enable-__cxa_atexit --disable-libunwind-exceptions --enable-clocale=gnu --disable-libstdcxx-pch --disable-libssp --enable-gnu-unique-object --enable-linker-build-id --enable-lto --enable-plugin --enable-install-libiberty --with-linker-hash-style=gnu --enable-gnu-indirect-function --disable-multilib --disable-werror --enable-checking=release
Thread model: posix
gcc version 5.3.0 (GCC) 
configure:12260: $? = 0
configure:12249: gcc -V >&5
gcc: error: unrecognized command line option '-V'
gcc: fatal error: no input files
compilation terminated.
configure:12260: $? = 1
configure:12249: gcc -qversion >&5
gcc: error: unrecognized command line option '-qversion'
gcc: fatal error: no input files
compilation terminated.
configure:12260: $? = 1
configure:12264: checking whether we are using the GNU C compiler
configure:12292: result: yes
configure:12301: checking whether gcc accepts -g
configure:12362: result: yes
configure:12379: checking for gcc option to accept ISO C89
configure:12455: result: none needed
configure:12480: checking whether gcc understands -c and -o together
configure:12517: result: yes
configure:12536: checking dependency style of gcc
configure:12647: result: gcc3
configure:12668: checking for ruby
configure:12686: found /usr/bin/ruby
configure:12698: result: /usr/bin/ruby
configure:12707: checking for ruby version >= 1.9
configure:12711: result: 2.3.0
configure:12752: checking for ANSI C header files
configure:12856: result: yes
configure:12866: checking for string.h
configure:12866: result: yes
configure:12878: checking for an ANSI C-conforming const
configure:12944: gcc -c -g -O2 -I/home/drex/Documents/Spring2016/gsoc/jojoSoc/libscript/build/include conftest.c >&5
configure:12944: $? = 0
configure:12951: result: yes
configure:12963: checking for stdlib.h
configure:12963: result: yes
configure:12973: checking for GNU libc compatible malloc
configure:12997: gcc -o conftest -g -O2 -I/home/drex/Documents/Spring2016/gsoc/jojoSoc/libscript/build/include -L/home/drex/Documents/Spring2016/gsoc/jojoSoc/libscript/build/lib conftest.c  >&5
configure:12997: $? = 0
configure:12997: ./conftest
configure:12997: $? = 0
configure:13007: result: yes
configure:13031: checking for memset
configure:13031: gcc -o conftest -g -O2 -I/home/drex/Documents/Spring2016/gsoc/jojoSoc/libscript/build/include -L/home/drex/Documents/Spring2016/gsoc/jojoSoc/libscript/build/lib conftest.c  >&5
conftest.c:50:6: warning: conflicting types for built-in function 'memset'
 char memset ();
      ^
configure:13031: $? = 0
configure:13031: result: yes
configure:13031: checking for strchr
configure:13031: gcc -o conftest -g -O2 -I/home/drex/Documents/Spring2016/gsoc/jojoSoc/libscript/build/include -L/home/drex/Documents/Spring2016/gsoc/jojoSoc/libscript/build/lib conftest.c  >&5
conftest.c:51:6: warning: conflicting types for built-in function 'strchr'
 char strchr ();
      ^
configure:13031: $? = 0
configure:13031: result: yes
configure:13152: checking that generated files are newer than configure
configure:13158: result: done
configure:13185: creating ./config.status

## ---------------------- ##
## Running config.status. ##
## ---------------------- ##

This file was extended by libscript-ruby config.status 1.0, which was
generated by GNU Autoconf 2.69.  Invocation command line was

  CONFIG_FILES    = 
  CONFIG_HEADERS  = 
  CONFIG_LINKS    = 
  CONFIG_COMMANDS = 
  $ ./config.status 

on localhost

config.status:1093: creating Makefile
config.status:1093: creating config.h
config.status:1322: executing depfiles commands
config.status:1322: executing libtool commands

## ---------------- ##
## Cache variables. ##
## ---------------- ##

ac_cv_build=x86_64-unknown-linux-gnu
ac_cv_c_compiler_gnu=yes
ac_cv_c_const=yes
ac_cv_env_CC_set=
ac_cv_env_CC_value=
ac_cv_env_CFLAGS_set=
ac_cv_env_CFLAGS_value=
ac_cv_env_CPPFLAGS_set=set
ac_cv_env_CPPFLAGS_value=-I/home/drex/Documents/Spring2016/gsoc/jojoSoc/libscript/build/include
ac_cv_env_CPP_set=
ac_cv_env_CPP_value=
ac_cv_env_LDFLAGS_set=set
ac_cv_env_LDFLAGS_value=-L/home/drex/Documents/Spring2016/gsoc/jojoSoc/libscript/build/lib
ac_cv_env_LIBS_set=
ac_cv_env_LIBS_value=
ac_cv_env_LT_SYS_LIBRARY_PATH_set=
ac_cv_env_LT_SYS_LIBRARY_PATH_value=
ac_cv_env_build_alias_set=
ac_cv_env_build_alias_value=
ac_cv_env_host_alias_set=
ac_cv_env_host_alias_value=
ac_cv_env_target_alias_set=
ac_cv_env_target_alias_value=
ac_cv_func_malloc_0_nonnull=yes
ac_cv_func_memset=yes
ac_cv_func_strchr=yes
ac_cv_header_dlfcn_h=yes
ac_cv_header_inttypes_h=yes
ac_cv_header_memory_h=yes
ac_cv_header_stdc=yes
ac_cv_header_stdint_h=yes
ac_cv_header_stdlib_h=yes
ac_cv_header_string_h=yes
ac_cv_header_strings_h=yes
ac_cv_header_sys_stat_h=yes
ac_cv_header_sys_types_h=yes
ac_cv_header_unistd_h=yes
ac_cv_host=x86_64-unknown-linux-gnu
ac_cv_objext=o
ac_cv_path_EGREP='/usr/bin/grep -E'
ac_cv_path_FGREP='/usr/bin/grep -F'
ac_cv_path_GREP=/usr/bin/grep
ac_cv_path_SED=/usr/bin/sed
ac_cv_path_cv_path_ruby=/usr/bin/ruby
ac_cv_path_install='/usr/bin/install -c'
ac_cv_path_lt_DD=/usr/bin/dd
ac_cv_path_mkdir=/usr/bin/mkdir
ac_cv_prog_AWK=gawk
ac_cv_prog_CPP='gcc -E'
ac_cv_prog_ac_ct_AR=ar
ac_cv_prog_ac_ct_CC=gcc
ac_cv_prog_ac_ct_OBJDUMP=objdump
ac_cv_prog_ac_ct_RANLIB=ranlib
ac_cv_prog_ac_ct_STRIP=strip
ac_cv_prog_cc_c89=
ac_cv_prog_cc_g=yes
ac_cv_prog_make_make_set=yes
am_cv_CC_dependencies_compiler_type=gcc3
am_cv_make_support_nested_variables=yes
am_cv_prog_cc_c_o=yes
lt_cv_ar_at_file=@
lt_cv_archive_cmds_need_lc=no
lt_cv_deplibs_check_method=pass_all
lt_cv_file_magic_cmd='$MAGIC_CMD'
lt_cv_file_magic_test_file=
lt_cv_ld_reload_flag=-r
lt_cv_nm_interface='BSD nm'
lt_cv_objdir=.libs
lt_cv_path_LD=/usr/bin/ld
lt_cv_path_NM='/usr/bin/nm -B'
lt_cv_path_mainfest_tool=no
lt_cv_prog_compiler_c_o=yes
lt_cv_prog_compiler_pic='-fPIC -DPIC'
lt_cv_prog_compiler_pic_works=yes
lt_cv_prog_compiler_rtti_exceptions=no
lt_cv_prog_compiler_static_works=yes
lt_cv_prog_gnu_ld=yes
lt_cv_sharedlib_from_linklib_cmd='printf %s\n'
lt_cv_shlibpath_overrides_runpath=no
lt_cv_sys_global_symbol_pipe='sed -n -e '\''s/^.*[	 ]\([ABCDGIRSTW][ABCDGIRSTW]*\)[	 ][	 ]*\([_A-Za-z][_A-Za-z0-9]*\)$/\1 \2 \2/p'\'' | sed '\''/ __gnu_lto/d'\'''
lt_cv_sys_global_symbol_to_c_name_address='sed -n -e '\''s/^: \(.*\) .*$/  {"\1", (void *) 0},/p'\'' -e '\''s/^[ABCDGIRSTW][ABCDGIRSTW]* .* \(.*\)$/  {"\1", (void *) \&\1},/p'\'''
lt_cv_sys_global_symbol_to_c_name_address_lib_prefix='sed -n -e '\''s/^: \(.*\) .*$/  {"\1", (void *) 0},/p'\'' -e '\''s/^[ABCDGIRSTW][ABCDGIRSTW]* .* \(lib.*\)$/  {"\1", (void *) \&\1},/p'\'' -e '\''s/^[ABCDGIRSTW][ABCDGIRSTW]* .* \(.*\)$/  {"lib\1", (void *) \&\1},/p'\'''
lt_cv_sys_global_symbol_to_cdecl='sed -n -e '\''s/^T .* \(.*\)$/extern int \1();/p'\'' -e '\''s/^[ABCDGIRSTW][ABCDGIRSTW]* .* \(.*\)$/extern char \1;/p'\'''
lt_cv_sys_global_symbol_to_import=
lt_cv_sys_max_cmd_len=1572864
lt_cv_to_host_file_cmd=func_convert_file_noop
lt_cv_to_tool_file_cmd=func_convert_file_noop
lt_cv_truncate_bin='/usr/bin/dd bs=4096 count=1'

## ----------------- ##
## Output variables. ##
## ----------------- ##

ACLOCAL='${SHELL} /home/drex/Documents/Spring2016/gsoc/jojoSoc/libscript/libscript-ruby/missing aclocal-1.15'
AMDEPBACKSLASH='\'
AMDEP_FALSE='#'
AMDEP_TRUE=''
AMTAR='$${TAR-tar}'
AM_BACKSLASH='\'
AM_DEFAULT_V='$(AM_DEFAULT_VERBOSITY)'
AM_DEFAULT_VERBOSITY='1'
AM_V='$(V)'
AR='ar'
AUTOCONF='${SHELL} /home/drex/Documents/Spring2016/gsoc/jojoSoc/libscript/libscript-ruby/missing autoconf'
AUTOHEADER='${SHELL} /home/drex/Documents/Spring2016/gsoc/jojoSoc/libscript/libscript-ruby/missing autoheader'
AUTOMAKE='${SHELL} /home/drex/Documents/Spring2016/gsoc/jojoSoc/libscript/libscript-ruby/missing automake-1.15'
AWK='gawk'
CC='gcc'
CCDEPMODE='depmode=gcc3'
CFLAGS='-g -O2'
CPP='gcc -E'
CPPFLAGS='-I/home/drex/Documents/Spring2016/gsoc/jojoSoc/libscript/build/include'
CYGPATH_W='echo'
DEFS='-DHAVE_CONFIG_H'
DEPDIR='.deps'
DLLTOOL='false'
DSYMUTIL=''
DUMPBIN=''
ECHO_C=''
ECHO_N='-n'
ECHO_T=''
EGREP='/usr/bin/grep -E'
EXEEXT=''
FGREP='/usr/bin/grep -F'
GREP='/usr/bin/grep'
INSTALL_DATA='${INSTALL} -m 644'
INSTALL_PROGRAM='${INSTALL}'
INSTALL_SCRIPT='${INSTALL}'
INSTALL_STRIP_PROGRAM='$(install_sh) -c -s'
LD='/usr/bin/ld -m elf_x86_64'
LDFLAGS='-L/home/drex/Documents/Spring2016/gsoc/jojoSoc/libscript/build/lib'
LIBOBJS=''
LIBS=''
LIBTOOL='$(SHELL) $(top_builddir)/libtool'
LIPO=''
LN_S='ln -s'
LTLIBOBJS=''
LT_SYS_LIBRARY_PATH=''
MAKEINFO='${SHELL} /home/drex/Documents/Spring2016/gsoc/jojoSoc/libscript/libscript-ruby/missing makeinfo'
MANIFEST_TOOL=':'
MKDIR_P='/usr/bin/mkdir -p'
NM='/usr/bin/nm -B'
NMEDIT=''
OBJDUMP='objdump'
OBJEXT='o'
OTOOL64=''
OTOOL=''
PACKAGE='libscript-ruby'
PACKAGE_BUGREPORT='hisham@inf.puc-rio.br'
PACKAGE_NAME='libscript-ruby'
PACKAGE_STRING='libscript-ruby 1.0'
PACKAGE_TARNAME='libscript-ruby'
PACKAGE_URL=''
PACKAGE_VERSION='1.0'
PATH_SEPARATOR=':'
RANLIB='ranlib'
RUBY_CFLAGS='-I/usr/include/ruby-2.3.0 -I/usr/include/ruby-2.3.0/x86_64-linux'
RUBY_LDFLAGS='-L. -Wl,-O1,--sort-common,--as-needed,-z,relro -fstack-protector -rdynamic -Wl,-export-dynamic'
RUBY_LIBS='-lruby -lpthread -lgmp -ldl -lcrypt -lm '
SED='/usr/bin/sed'
SET_MAKE=''
SHELL='/bin/sh'
STRIP='strip'
VERSION='1.0'
ac_ct_AR='ar'
ac_ct_CC='gcc'
ac_ct_DUMPBIN=''
am__EXEEXT_FALSE=''
am__EXEEXT_TRUE='#'
am__fastdepCC_FALSE='#'
am__fastdepCC_TRUE=''
am__include='include'
am__isrc=''
am__leading_dot='.'
am__nodep='_no'
am__quote=''
am__tar='$${TAR-tar} chof - "$$tardir"'
am__untar='$${TAR-tar} xf -'
bindir='${exec_prefix}/bin'
build='x86_64-unknown-linux-gnu'
build_alias=''
build_cpu='x86_64'
build_os='linux-gnu'
build_vendor='unknown'
cv_path_ruby='/usr/bin/ruby'
datadir='${datarootdir}'
datarootdir='${prefix}/share'
docdir='${datarootdir}/doc/${PACKAGE_TARNAME}'
dvidir='${docdir}'
exec_prefix='${prefix}'
host='x86_64-unknown-linux-gnu'
host_alias=''
host_cpu='x86_64'
host_os='linux-gnu'
host_vendor='unknown'
htmldir='${docdir}'
includedir='${prefix}/include'
infodir='${datarootdir}/info'
install_sh='${SHELL} /home/drex/Documents/Spring2016/gsoc/jojoSoc/libscript/libscript-ruby/install-sh'
libdir='${exec_prefix}/lib'
libexecdir='${exec_prefix}/libexec'
localedir='${datarootdir}/locale'
localstatedir='${prefix}/var'
mandir='${datarootdir}/man'
mkdir_p='$(MKDIR_P)'
oldincludedir='/usr/include'
pdfdir='${docdir}'
prefix='/home/drex/Documents/Spring2016/gsoc/jojoSoc/libscript/build'
program_transform_name='s,x,x,'
psdir='${docdir}'
sbindir='${exec_prefix}/sbin'
sharedstatedir='${prefix}/com'
sysconfdir='${prefix}/etc'
target_alias=''

## ----------- ##
## confdefs.h. ##
## ----------- ##

/* confdefs.h */
#define PACKAGE_NAME "libscript-ruby"
#define PACKAGE_TARNAME "libscript-ruby"
#define PACKAGE_VERSION "1.0"
#define PACKAGE_STRING "libscript-ruby 1.0"
#define PACKAGE_BUGREPORT "hisham@inf.puc-rio.br"
#define PACKAGE_URL ""
#define PACKAGE "libscript-ruby"
#define VERSION "1.0"
#define STDC_HEADERS 1
#define HAVE_SYS_TYPES_H 1
#define HAVE_SYS_STAT_H 1
#define HAVE_STDLIB_H 1
#define HAVE_STRING_H 1
#define HAVE_MEMORY_H 1
#define HAVE_STRINGS_H 1
#define HAVE_INTTYPES_H 1
#define HAVE_STDINT_H 1
#define HAVE_UNISTD_H 1
#define HAVE_DLFCN_H 1
#define LT_OBJDIR ".libs/"
#define STDC_HEADERS 1
#define HAVE_STRING_H 1
#define HAVE_STDLIB_H 1
#define HAVE_MALLOC 1
#define HAVE_MEMSET 1
#define HAVE_STRCHR 1

configure: exit 0

## ---------------------- ##
## Running config.status. ##
## ---------------------- ##

This file was extended by libscript-ruby config.status 1.0, which was
generated by GNU Autoconf 2.69.  Invocation command line was

  CONFIG_FILES    = 
  CONFIG_HEADERS  = 
  CONFIG_LINKS    = 
  CONFIG_COMMANDS = 
  $ ./config.status config.h

on localhost

config.status:1093: creating config.h
config.status:1274: config.h is unchanged
