This file contains any messages produced by compilers while
running configure, to aid debugging if configure makes a mistake.

It was created by libscript-python configure 1.0, which was
generated by GNU Autoconf 2.69.  Invocation command line was

  $ ./configure --prefix=/home/drex/Documents/Spring2016/gsoc/jojoSoc/libscript/build

## --------- ##
## Platform. ##
## --------- ##

hostname = localhost
uname -m = x86_64
uname -r = 4.3.3-2-ARCH
uname -s = Linux
uname -v = #1 SMP PREEMPT Wed Dec 23 20:09:18 CET 2015

/usr/bin/uname -p = unknown
/bin/uname -X     = unknown

/bin/arch              = unknown
/usr/bin/arch -k       = unknown
/usr/convex/getsysinfo = unknown
/usr/bin/hostinfo      = unknown
/bin/machine           = unknown
/usr/bin/oslevel       = unknown
/bin/universe          = unknown

PATH: /usr/local/sbin
PATH: /usr/local/bin
PATH: /usr/bin
PATH: /usr/lib/jvm/default/bin
PATH: /usr/bin/site_perl
PATH: /usr/bin/vendor_perl
PATH: /usr/bin/core_perl
PATH: /home/drex/.rvm/bin


## ----------- ##
## Core tests. ##
## ----------- ##

configure:2271: checking for a BSD-compatible install
configure:2339: result: /usr/bin/install -c
configure:2350: checking whether build environment is sane
configure:2405: result: yes
configure:2556: checking for a thread-safe mkdir -p
configure:2595: result: /usr/bin/mkdir -p
configure:2602: checking for gawk
configure:2618: found /usr/bin/gawk
configure:2629: result: gawk
configure:2640: checking whether make sets $(MAKE)
configure:2662: result: yes
configure:2691: checking whether make supports nested variables
configure:2708: result: yes
configure:2867: checking build system type
configure:2881: result: x86_64-unknown-linux-gnu
configure:2901: checking host system type
configure:2914: result: x86_64-unknown-linux-gnu
configure:2955: checking how to print strings
configure:2982: result: printf
configure:3015: checking for style of include used by make
configure:3043: result: GNU
configure:3114: checking for gcc
configure:3130: found /usr/bin/gcc
configure:3141: result: gcc
configure:3370: checking for C compiler version
configure:3379: gcc --version >&5
gcc (GCC) 5.3.0
Copyright (C) 2015 Free Software Foundation, Inc.
This is free software; see the source for copying conditions.  There is NO
warranty; not even for MERCHANTABILITY or FITNESS FOR A PARTICULAR PURPOSE.

configure:3390: $? = 0
configure:3379: gcc -v >&5
Using built-in specs.
COLLECT_GCC=gcc
COLLECT_LTO_WRAPPER=/usr/lib/gcc/x86_64-unknown-linux-gnu/5.3.0/lto-wrapper
Target: x86_64-unknown-linux-gnu
Configured with: /build/gcc/src/gcc-5.3.0/configure --prefix=/usr --libdir=/usr/lib --libexecdir=/usr/lib --mandir=/usr/share/man --infodir=/usr/share/info --with-bugurl=https://bugs.archlinux.org/ --enable-languages=c,c++,ada,fortran,go,lto,objc,obj-c++ --enable-shared --enable-threads=posix --enable-libmpx --with-system-zlib --with-isl --enable-__cxa_atexit --disable-libunwind-exceptions --enable-clocale=gnu --disable-libstdcxx-pch --disable-libssp --enable-gnu-unique-object --enable-linker-build-id --enable-lto --enable-plugin --enable-install-libiberty --with-linker-hash-style=gnu --enable-gnu-indirect-function --disable-multilib --disable-werror --enable-checking=release
Thread model: posix
gcc version 5.3.0 (GCC) 
configure:3390: $? = 0
configure:3379: gcc -V >&5
gcc: error: unrecognized command line option '-V'
gcc: fatal error: no input files
compilation terminated.
configure:3390: $? = 1
configure:3379: gcc -qversion >&5
gcc: error: unrecognized command line option '-qversion'
gcc: fatal error: no input files
compilation terminated.
configure:3390: $? = 1
configure:3410: checking whether the C compiler works
configure:3432: gcc  -I/home/drex/Documents/Spring2016/gsoc/jojoSoc/libscript/build/include -L/home/drex/Documents/Spring2016/gsoc/jojoSoc/libscript/build/lib conftest.c  >&5
configure:3436: $? = 0
configure:3484: result: yes
configure:3487: checking for C compiler default output file name
configure:3489: result: a.out
configure:3495: checking for suffix of executables
configure:3502: gcc -o conftest  -I/home/drex/Documents/Spring2016/gsoc/jojoSoc/libscript/build/include -L/home/drex/Documents/Spring2016/gsoc/jojoSoc/libscript/build/lib conftest.c  >&5
configure:3506: $? = 0
configure:3528: result: 
configure:3550: checking whether we are cross compiling
configure:3558: gcc -o conftest  -I/home/drex/Documents/Spring2016/gsoc/jojoSoc/libscript/build/include -L/home/drex/Documents/Spring2016/gsoc/jojoSoc/libscript/build/lib conftest.c  >&5
configure:3562: $? = 0
configure:3569: ./conftest
configure:3573: $? = 0
configure:3588: result: no
configure:3593: checking for suffix of object files
configure:3615: gcc -c  -I/home/drex/Documents/Spring2016/gsoc/jojoSoc/libscript/build/include conftest.c >&5
configure:3619: $? = 0
configure:3640: result: o
configure:3644: checking whether we are using the GNU C compiler
configure:3663: gcc -c  -I/home/drex/Documents/Spring2016/gsoc/jojoSoc/libscript/build/include conftest.c >&5
configure:3663: $? = 0
configure:3672: result: yes
configure:3681: checking whether gcc accepts -g
configure:3701: gcc -c -g -I/home/drex/Documents/Spring2016/gsoc/jojoSoc/libscript/build/include conftest.c >&5
configure:3701: $? = 0
configure:3742: result: yes
configure:3759: checking for gcc option to accept ISO C89
configure:3822: gcc  -c -g -O2 -I/home/drex/Documents/Spring2016/gsoc/jojoSoc/libscript/build/include conftest.c >&5
configure:3822: $? = 0
configure:3835: result: none needed
configure:3860: checking whether gcc understands -c and -o together
configure:3882: gcc -c conftest.c -o conftest2.o
configure:3885: $? = 0
configure:3882: gcc -c conftest.c -o conftest2.o
configure:3885: $? = 0
configure:3897: result: yes
configure:3916: checking dependency style of gcc
configure:4027: result: gcc3
configure:4042: checking for a sed that does not truncate output
configure:4106: result: /usr/bin/sed
configure:4124: checking for grep that handles long lines and -e
configure:4182: result: /usr/bin/grep
configure:4187: checking for egrep
configure:4249: result: /usr/bin/grep -E
configure:4254: checking for fgrep
configure:4316: result: /usr/bin/grep -F
configure:4351: checking for ld used by gcc
configure:4418: result: /usr/bin/ld
configure:4425: checking if the linker (/usr/bin/ld) is GNU ld
configure:4440: result: yes
configure:4452: checking for BSD- or MS-compatible name lister (nm)
configure:4506: result: /usr/bin/nm -B
configure:4636: checking the name lister (/usr/bin/nm -B) interface
configure:4643: gcc -c -g -O2 -I/home/drex/Documents/Spring2016/gsoc/jojoSoc/libscript/build/include conftest.c >&5
configure:4646: /usr/bin/nm -B "conftest.o"
configure:4649: output
0000000000000000 B some_variable
configure:4656: result: BSD nm
configure:4659: checking whether ln -s works
configure:4663: result: yes
configure:4671: checking the maximum length of command line arguments
configure:4802: result: 1572864
configure:4850: checking how to convert x86_64-unknown-linux-gnu file names to x86_64-unknown-linux-gnu format
configure:4890: result: func_convert_file_noop
configure:4897: checking how to convert x86_64-unknown-linux-gnu file names to toolchain format
configure:4917: result: func_convert_file_noop
configure:4924: checking for /usr/bin/ld option to reload object files
configure:4931: result: -r
configure:5005: checking for objdump
configure:5021: found /usr/bin/objdump
configure:5032: result: objdump
configure:5064: checking how to recognize dependent libraries
configure:5264: result: pass_all
configure:5349: checking for dlltool
configure:5379: result: no
configure:5409: checking how to associate runtime and link libraries
configure:5436: result: printf %s\n
configure:5497: checking for ar
configure:5513: found /usr/bin/ar
configure:5524: result: ar
configure:5561: checking for archiver @FILE support
configure:5578: gcc -c -g -O2 -I/home/drex/Documents/Spring2016/gsoc/jojoSoc/libscript/build/include conftest.c >&5
configure:5578: $? = 0
configure:5581: ar cru libconftest.a @conftest.lst >&5
ar: `u' modifier ignored since `D' is the default (see `U')
configure:5584: $? = 0
configure:5589: ar cru libconftest.a @conftest.lst >&5
ar: `u' modifier ignored since `D' is the default (see `U')
ar: conftest.o: No such file or directory
configure:5592: $? = 1
configure:5604: result: @
configure:5662: checking for strip
configure:5678: found /usr/bin/strip
configure:5689: result: strip
configure:5761: checking for ranlib
configure:5777: found /usr/bin/ranlib
configure:5788: result: ranlib
configure:5890: checking command to parse /usr/bin/nm -B output from gcc object
configure:6043: gcc -c -g -O2 -I/home/drex/Documents/Spring2016/gsoc/jojoSoc/libscript/build/include conftest.c >&5
configure:6046: $? = 0
configure:6050: /usr/bin/nm -B conftest.o \| sed -n -e 's/^.*[ ]\([ABCDGIRSTW][ABCDGIRSTW]*\)[ ][ ]*\([_A-Za-z][_A-Za-z0-9]*\)$/\1 \2 \2/p' | sed '/ __gnu_lto/d' \> conftest.nm
configure:6053: $? = 0
configure:6119: gcc -o conftest -g -O2 -I/home/drex/Documents/Spring2016/gsoc/jojoSoc/libscript/build/include -L/home/drex/Documents/Spring2016/gsoc/jojoSoc/libscript/build/lib conftest.c conftstm.o >&5
configure:6122: $? = 0
configure:6160: result: ok
configure:6207: checking for sysroot
configure:6237: result: no
configure:6244: checking for a working dd
configure:6282: result: /usr/bin/dd
configure:6286: checking how to truncate binary pipes
configure:6301: result: /usr/bin/dd bs=4096 count=1
configure:6437: gcc -c -g -O2 -I/home/drex/Documents/Spring2016/gsoc/jojoSoc/libscript/build/include conftest.c >&5
configure:6440: $? = 0
configure:6630: checking for mt
configure:6660: result: no
configure:6680: checking if : is a manifest tool
configure:6686: : '-?'
configure:6694: result: no
configure:7371: checking how to run the C preprocessor
configure:7402: gcc -E -I/home/drex/Documents/Spring2016/gsoc/jojoSoc/libscript/build/include conftest.c
configure:7402: $? = 0
configure:7416: gcc -E -I/home/drex/Documents/Spring2016/gsoc/jojoSoc/libscript/build/include conftest.c
conftest.c:11:28: fatal error: ac_nonexistent.h: No such file or directory
compilation terminated.
configure:7416: $? = 1
configure: failed program was:
| /* confdefs.h */
| #define PACKAGE_NAME "libscript-python"
| #define PACKAGE_TARNAME "libscript-python"
| #define PACKAGE_VERSION "1.0"
| #define PACKAGE_STRING "libscript-python 1.0"
| #define PACKAGE_BUGREPORT "hisham@inf.puc-rio.br"
| #define PACKAGE_URL ""
| #define PACKAGE "libscript-python"
| #define VERSION "1.0"
| /* end confdefs.h.  */
| #include <ac_nonexistent.h>
configure:7441: result: gcc -E
configure:7461: gcc -E -I/home/drex/Documents/Spring2016/gsoc/jojoSoc/libscript/build/include conftest.c
configure:7461: $? = 0
configure:7475: gcc -E -I/home/drex/Documents/Spring2016/gsoc/jojoSoc/libscript/build/include conftest.c
conftest.c:11:28: fatal error: ac_nonexistent.h: No such file or directory
compilation terminated.
configure:7475: $? = 1
configure: failed program was:
| /* confdefs.h */
| #define PACKAGE_NAME "libscript-python"
| #define PACKAGE_TARNAME "libscript-python"
| #define PACKAGE_VERSION "1.0"
| #define PACKAGE_STRING "libscript-python 1.0"
| #define PACKAGE_BUGREPORT "hisham@inf.puc-rio.br"
| #define PACKAGE_URL ""
| #define PACKAGE "libscript-python"
| #define VERSION "1.0"
| /* end confdefs.h.  */
| #include <ac_nonexistent.h>
configure:7504: checking for ANSI C header files
configure:7524: gcc -c -g -O2 -I/home/drex/Documents/Spring2016/gsoc/jojoSoc/libscript/build/include conftest.c >&5
configure:7524: $? = 0
configure:7597: gcc -o conftest -g -O2 -I/home/drex/Documents/Spring2016/gsoc/jojoSoc/libscript/build/include -L/home/drex/Documents/Spring2016/gsoc/jojoSoc/libscript/build/lib conftest.c  >&5
configure:7597: $? = 0
configure:7597: ./conftest
configure:7597: $? = 0
configure:7608: result: yes
configure:7621: checking for sys/types.h
configure:7621: gcc -c -g -O2 -I/home/drex/Documents/Spring2016/gsoc/jojoSoc/libscript/build/include conftest.c >&5
configure:7621: $? = 0
configure:7621: result: yes
configure:7621: checking for sys/stat.h
configure:7621: gcc -c -g -O2 -I/home/drex/Documents/Spring2016/gsoc/jojoSoc/libscript/build/include conftest.c >&5
configure:7621: $? = 0
configure:7621: result: yes
configure:7621: checking for stdlib.h
configure:7621: gcc -c -g -O2 -I/home/drex/Documents/Spring2016/gsoc/jojoSoc/libscript/build/include conftest.c >&5
configure:7621: $? = 0
configure:7621: result: yes
configure:7621: checking for string.h
configure:7621: gcc -c -g -O2 -I/home/drex/Documents/Spring2016/gsoc/jojoSoc/libscript/build/include conftest.c >&5
configure:7621: $? = 0
configure:7621: result: yes
configure:7621: checking for memory.h
configure:7621: gcc -c -g -O2 -I/home/drex/Documents/Spring2016/gsoc/jojoSoc/libscript/build/include conftest.c >&5
configure:7621: $? = 0
configure:7621: result: yes
configure:7621: checking for strings.h
configure:7621: gcc -c -g -O2 -I/home/drex/Documents/Spring2016/gsoc/jojoSoc/libscript/build/include conftest.c >&5
configure:7621: $? = 0
configure:7621: result: yes
configure:7621: checking for inttypes.h
configure:7621: gcc -c -g -O2 -I/home/drex/Documents/Spring2016/gsoc/jojoSoc/libscript/build/include conftest.c >&5
configure:7621: $? = 0
configure:7621: result: yes
configure:7621: checking for stdint.h
configure:7621: gcc -c -g -O2 -I/home/drex/Documents/Spring2016/gsoc/jojoSoc/libscript/build/include conftest.c >&5
configure:7621: $? = 0
configure:7621: result: yes
configure:7621: checking for unistd.h
configure:7621: gcc -c -g -O2 -I/home/drex/Documents/Spring2016/gsoc/jojoSoc/libscript/build/include conftest.c >&5
configure:7621: $? = 0
configure:7621: result: yes
configure:7635: checking for dlfcn.h
configure:7635: gcc -c -g -O2 -I/home/drex/Documents/Spring2016/gsoc/jojoSoc/libscript/build/include conftest.c >&5
configure:7635: $? = 0
configure:7635: result: yes
configure:7891: checking for objdir
configure:7906: result: .libs
configure:8166: checking if gcc supports -fno-rtti -fno-exceptions
configure:8184: gcc -c -g -O2 -I/home/drex/Documents/Spring2016/gsoc/jojoSoc/libscript/build/include -fno-rtti -fno-exceptions conftest.c >&5
cc1: warning: command line option '-fno-rtti' is valid for C++/ObjC++ but not for C
configure:8188: $? = 0
configure:8201: result: no
configure:8559: checking for gcc option to produce PIC
configure:8566: result: -fPIC -DPIC
configure:8574: checking if gcc PIC flag -fPIC -DPIC works
configure:8592: gcc -c -g -O2 -I/home/drex/Documents/Spring2016/gsoc/jojoSoc/libscript/build/include -fPIC -DPIC -DPIC conftest.c >&5
configure:8596: $? = 0
configure:8609: result: yes
configure:8638: checking if gcc static flag -static works
configure:8666: result: yes
configure:8681: checking if gcc supports -c -o file.o
configure:8702: gcc -c -g -O2 -I/home/drex/Documents/Spring2016/gsoc/jojoSoc/libscript/build/include -o out/conftest2.o conftest.c >&5
configure:8706: $? = 0
configure:8728: result: yes
configure:8736: checking if gcc supports -c -o file.o
configure:8783: result: yes
configure:8816: checking whether the gcc linker (/usr/bin/ld -m elf_x86_64) supports shared libraries
configure:10075: result: yes
configure:10112: checking whether -lc should be explicitly linked in
configure:10120: gcc -c -g -O2 -I/home/drex/Documents/Spring2016/gsoc/jojoSoc/libscript/build/include conftest.c >&5
configure:10123: $? = 0
configure:10138: gcc -shared  -fPIC -DPIC conftest.o  -v -Wl,-soname -Wl,conftest -o conftest 2\>\&1 \| /usr/bin/grep  -lc  \>/dev/null 2\>\&1
configure:10141: $? = 0
configure:10155: result: no
configure:10315: checking dynamic linker characteristics
configure:10896: gcc -o conftest -g -O2 -I/home/drex/Documents/Spring2016/gsoc/jojoSoc/libscript/build/include -L/home/drex/Documents/Spring2016/gsoc/jojoSoc/libscript/build/lib -Wl,-rpath -Wl,/foo conftest.c  >&5
configure:10896: $? = 0
configure:11133: result: GNU/Linux ld.so
configure:11255: checking how to hardcode library paths into programs
configure:11280: result: immediate
configure:11828: checking whether stripping libraries is possible
configure:11833: result: yes
configure:11868: checking if libtool supports shared libraries
configure:11870: result: yes
configure:11873: checking whether to build shared libraries
configure:11898: result: yes
configure:11901: checking whether to build static libraries
configure:11905: result: yes
configure:11992: checking for gcc
configure:12019: result: gcc
configure:12248: checking for C compiler version
configure:12257: gcc --version >&5
gcc (GCC) 5.3.0
Copyright (C) 2015 Free Software Foundation, Inc.
This is free software; see the source for copying conditions.  There is NO
warranty; not even for MERCHANTABILITY or FITNESS FOR A PARTICULAR PURPOSE.

configure:12268: $? = 0
configure:12257: gcc -v >&5
Using built-in specs.
COLLECT_GCC=gcc
COLLECT_LTO_WRAPPER=/usr/lib/gcc/x86_64-unknown-linux-gnu/5.3.0/lto-wrapper
Target: x86_64-unknown-linux-gnu
Configured with: /build/gcc/src/gcc-5.3.0/configure --prefix=/usr --libdir=/usr/lib --libexecdir=/usr/lib --mandir=/usr/share/man --infodir=/usr/share/info --with-bugurl=https://bugs.archlinux.org/ --enable-languages=c,c++,ada,fortran,go,lto,objc,obj-c++ --enable-shared --enable-threads=posix --enable-libmpx --with-system-zlib --with-isl --enable-__cxa_atexit --disable-libunwind-exceptions --enable-clocale=gnu --disable-libstdcxx-pch --disable-libssp --enable-gnu-unique-object --enable-linker-build-id --enable-lto --enable-plugin --enable-install-libiberty --with-linker-hash-style=gnu --enable-gnu-indirect-function --disable-multilib --disable-werror --enable-checking=release
Thread model: posix
gcc version 5.3.0 (GCC) 
configure:12268: $? = 0
configure:12257: gcc -V >&5
gcc: error: unrecognized command line option '-V'
gcc: fatal error: no input files
compilation terminated.
configure:12268: $? = 1
configure:12257: gcc -qversion >&5
gcc: error: unrecognized command line option '-qversion'
gcc: fatal error: no input files
compilation terminated.
configure:12268: $? = 1
configure:12272: checking whether we are using the GNU C compiler
configure:12300: result: yes
configure:12309: checking whether gcc accepts -g
configure:12370: result: yes
configure:12387: checking for gcc option to accept ISO C89
configure:12463: result: none needed
configure:12488: checking whether gcc understands -c and -o together
configure:12525: result: yes
configure:12544: checking dependency style of gcc
configure:12655: result: gcc3
configure:12681: checking for python
configure:12699: found /usr/bin/python
configure:12711: result: /usr/bin/python
configure:12726: checking for a version of Python >= '2.1.0'
configure:12751: result: yes
configure:12781: checking for the distutils Python package
configure:12785: result: yes
configure:12798: checking for Python include path
configure:12808: result: -I/usr/include/python2.7
configure:12815: checking for Python library path
configure:12837: result: -L/usr/lib/python2.7 -lpython2.7
configure:12844: checking for Python site-packages path
configure:12850: result: /usr/lib/python2.7/site-packages
configure:12857: checking python extra libraries
configure:12864: result:  -lpthread -ldl  -lutil
configure:12871: checking python extra linking flags
configure:12878: result: -Xlinker -export-dynamic
configure:12886: checking for ANSI C header files
configure:12990: result: yes
configure:13000: checking for string.h
configure:13000: result: yes
configure:13012: checking for an ANSI C-conforming const
configure:13078: gcc -c -g -O2 -I/home/drex/Documents/Spring2016/gsoc/jojoSoc/libscript/build/include conftest.c >&5
configure:13078: $? = 0
configure:13085: result: yes
configure:13097: checking for stdlib.h
configure:13097: result: yes
configure:13107: checking for GNU libc compatible malloc
configure:13131: gcc -o conftest -g -O2 -I/home/drex/Documents/Spring2016/gsoc/jojoSoc/libscript/build/include -L/home/drex/Documents/Spring2016/gsoc/jojoSoc/libscript/build/lib conftest.c  >&5
configure:13131: $? = 0
configure:13131: ./conftest
configure:13131: $? = 0
configure:13141: result: yes
configure:13165: checking for memset
configure:13165: gcc -o conftest -g -O2 -I/home/drex/Documents/Spring2016/gsoc/jojoSoc/libscript/build/include -L/home/drex/Documents/Spring2016/gsoc/jojoSoc/libscript/build/lib conftest.c  >&5
conftest.c:50:6: warning: conflicting types for built-in function 'memset'
 char memset ();
      ^
configure:13165: $? = 0
configure:13165: result: yes
configure:13165: checking for strchr
configure:13165: gcc -o conftest -g -O2 -I/home/drex/Documents/Spring2016/gsoc/jojoSoc/libscript/build/include -L/home/drex/Documents/Spring2016/gsoc/jojoSoc/libscript/build/lib conftest.c  >&5
conftest.c:51:6: warning: conflicting types for built-in function 'strchr'
 char strchr ();
      ^
configure:13165: $? = 0
configure:13165: result: yes
configure:13286: checking that generated files are newer than configure
configure:13292: result: done
configure:13319: creating ./config.status

## ---------------------- ##
## Running config.status. ##
## ---------------------- ##

This file was extended by libscript-python config.status 1.0, which was
generated by GNU Autoconf 2.69.  Invocation command line was

  CONFIG_FILES    = 
  CONFIG_HEADERS  = 
  CONFIG_LINKS    = 
  CONFIG_COMMANDS = 
  $ ./config.status 

on localhost

config.status:1096: creating Makefile
config.status:1096: creating config.h
config.status:1325: executing depfiles commands
config.status:1325: executing libtool commands

## ---------------- ##
## Cache variables. ##
## ---------------- ##

ac_cv_build=x86_64-unknown-linux-gnu
ac_cv_c_compiler_gnu=yes
ac_cv_c_const=yes
ac_cv_env_CC_set=
ac_cv_env_CC_value=
ac_cv_env_CFLAGS_set=
ac_cv_env_CFLAGS_value=
ac_cv_env_CPPFLAGS_set=set
ac_cv_env_CPPFLAGS_value=-I/home/drex/Documents/Spring2016/gsoc/jojoSoc/libscript/build/include
ac_cv_env_CPP_set=
ac_cv_env_CPP_value=
ac_cv_env_LDFLAGS_set=set
ac_cv_env_LDFLAGS_value=-L/home/drex/Documents/Spring2016/gsoc/jojoSoc/libscript/build/lib
ac_cv_env_LIBS_set=
ac_cv_env_LIBS_value=
ac_cv_env_LT_SYS_LIBRARY_PATH_set=
ac_cv_env_LT_SYS_LIBRARY_PATH_value=
ac_cv_env_PYTHON_VERSION_set=
ac_cv_env_PYTHON_VERSION_value=
ac_cv_env_build_alias_set=
ac_cv_env_build_alias_value=
ac_cv_env_host_alias_set=
ac_cv_env_host_alias_value=
ac_cv_env_target_alias_set=
ac_cv_env_target_alias_value=
ac_cv_func_malloc_0_nonnull=yes
ac_cv_func_memset=yes
ac_cv_func_strchr=yes
ac_cv_header_dlfcn_h=yes
ac_cv_header_inttypes_h=yes
ac_cv_header_memory_h=yes
ac_cv_header_stdc=yes
ac_cv_header_stdint_h=yes
ac_cv_header_stdlib_h=yes
ac_cv_header_string_h=yes
ac_cv_header_strings_h=yes
ac_cv_header_sys_stat_h=yes
ac_cv_header_sys_types_h=yes
ac_cv_header_unistd_h=yes
ac_cv_host=x86_64-unknown-linux-gnu
ac_cv_objext=o
ac_cv_path_EGREP='/usr/bin/grep -E'
ac_cv_path_FGREP='/usr/bin/grep -F'
ac_cv_path_GREP=/usr/bin/grep
ac_cv_path_PYTHON=/usr/bin/python
ac_cv_path_SED=/usr/bin/sed
ac_cv_path_install='/usr/bin/install -c'
ac_cv_path_lt_DD=/usr/bin/dd
ac_cv_path_mkdir=/usr/bin/mkdir
ac_cv_prog_AWK=gawk
ac_cv_prog_CPP='gcc -E'
ac_cv_prog_ac_ct_AR=ar
ac_cv_prog_ac_ct_CC=gcc
ac_cv_prog_ac_ct_OBJDUMP=objdump
ac_cv_prog_ac_ct_RANLIB=ranlib
ac_cv_prog_ac_ct_STRIP=strip
ac_cv_prog_cc_c89=
ac_cv_prog_cc_g=yes
ac_cv_prog_make_make_set=yes
am_cv_CC_dependencies_compiler_type=gcc3
am_cv_make_support_nested_variables=yes
am_cv_prog_cc_c_o=yes
lt_cv_ar_at_file=@
lt_cv_archive_cmds_need_lc=no
lt_cv_deplibs_check_method=pass_all
lt_cv_file_magic_cmd='$MAGIC_CMD'
lt_cv_file_magic_test_file=
lt_cv_ld_reload_flag=-r
lt_cv_nm_interface='BSD nm'
lt_cv_objdir=.libs
lt_cv_path_LD=/usr/bin/ld
lt_cv_path_NM='/usr/bin/nm -B'
lt_cv_path_mainfest_tool=no
lt_cv_prog_compiler_c_o=yes
lt_cv_prog_compiler_pic='-fPIC -DPIC'
lt_cv_prog_compiler_pic_works=yes
lt_cv_prog_compiler_rtti_exceptions=no
lt_cv_prog_compiler_static_works=yes
lt_cv_prog_gnu_ld=yes
lt_cv_sharedlib_from_linklib_cmd='printf %s\n'
lt_cv_shlibpath_overrides_runpath=no
lt_cv_sys_global_symbol_pipe='sed -n -e '\''s/^.*[	 ]\([ABCDGIRSTW][ABCDGIRSTW]*\)[	 ][	 ]*\([_A-Za-z][_A-Za-z0-9]*\)$/\1 \2 \2/p'\'' | sed '\''/ __gnu_lto/d'\'''
lt_cv_sys_global_symbol_to_c_name_address='sed -n -e '\''s/^: \(.*\) .*$/  {"\1", (void *) 0},/p'\'' -e '\''s/^[ABCDGIRSTW][ABCDGIRSTW]* .* \(.*\)$/  {"\1", (void *) \&\1},/p'\'''
lt_cv_sys_global_symbol_to_c_name_address_lib_prefix='sed -n -e '\''s/^: \(.*\) .*$/  {"\1", (void *) 0},/p'\'' -e '\''s/^[ABCDGIRSTW][ABCDGIRSTW]* .* \(lib.*\)$/  {"\1", (void *) \&\1},/p'\'' -e '\''s/^[ABCDGIRSTW][ABCDGIRSTW]* .* \(.*\)$/  {"lib\1", (void *) \&\1},/p'\'''
lt_cv_sys_global_symbol_to_cdecl='sed -n -e '\''s/^T .* \(.*\)$/extern int \1();/p'\'' -e '\''s/^[ABCDGIRSTW][ABCDGIRSTW]* .* \(.*\)$/extern char \1;/p'\'''
lt_cv_sys_global_symbol_to_import=
lt_cv_sys_max_cmd_len=1572864
lt_cv_to_host_file_cmd=func_convert_file_noop
lt_cv_to_tool_file_cmd=func_convert_file_noop
lt_cv_truncate_bin='/usr/bin/dd bs=4096 count=1'

## ----------------- ##
## Output variables. ##
## ----------------- ##

ACLOCAL='${SHELL} /home/drex/Documents/Spring2016/gsoc/jojoSoc/libscript/libscript-python/missing aclocal-1.15'
AMDEPBACKSLASH='\'
AMDEP_FALSE='#'
AMDEP_TRUE=''
AMTAR='$${TAR-tar}'
AM_BACKSLASH='\'
AM_DEFAULT_V='$(AM_DEFAULT_VERBOSITY)'
AM_DEFAULT_VERBOSITY='1'
AM_V='$(V)'
AR='ar'
AUTOCONF='${SHELL} /home/drex/Documents/Spring2016/gsoc/jojoSoc/libscript/libscript-python/missing autoconf'
AUTOHEADER='${SHELL} /home/drex/Documents/Spring2016/gsoc/jojoSoc/libscript/libscript-python/missing autoheader'
AUTOMAKE='${SHELL} /home/drex/Documents/Spring2016/gsoc/jojoSoc/libscript/libscript-python/missing automake-1.15'
AWK='gawk'
CC='gcc'
CCDEPMODE='depmode=gcc3'
CFLAGS='-g -O2'
CPP='gcc -E'
CPPFLAGS='-I/home/drex/Documents/Spring2016/gsoc/jojoSoc/libscript/build/include'
CYGPATH_W='echo'
DEFS='-DHAVE_CONFIG_H'
DEPDIR='.deps'
DLLTOOL='false'
DSYMUTIL=''
DUMPBIN=''
ECHO_C=''
ECHO_N='-n'
ECHO_T=''
EGREP='/usr/bin/grep -E'
EXEEXT=''
FGREP='/usr/bin/grep -F'
GREP='/usr/bin/grep'
INSTALL_DATA='${INSTALL} -m 644'
INSTALL_PROGRAM='${INSTALL}'
INSTALL_SCRIPT='${INSTALL}'
INSTALL_STRIP_PROGRAM='$(install_sh) -c -s'
LD='/usr/bin/ld -m elf_x86_64'
LDFLAGS='-L/home/drex/Documents/Spring2016/gsoc/jojoSoc/libscript/build/lib'
LIBOBJS=''
LIBS=''
LIBTOOL='$(SHELL) $(top_builddir)/libtool'
LIPO=''
LN_S='ln -s'
LTLIBOBJS=''
LT_SYS_LIBRARY_PATH=''
MAKEINFO='${SHELL} /home/drex/Documents/Spring2016/gsoc/jojoSoc/libscript/libscript-python/missing makeinfo'
MANIFEST_TOOL=':'
MKDIR_P='/usr/bin/mkdir -p'
NM='/usr/bin/nm -B'
NMEDIT=''
OBJDUMP='objdump'
OBJEXT='o'
OTOOL64=''
OTOOL=''
PACKAGE='libscript-python'
PACKAGE_BUGREPORT='hisham@inf.puc-rio.br'
PACKAGE_NAME='libscript-python'
PACKAGE_STRING='libscript-python 1.0'
PACKAGE_TARNAME='libscript-python'
PACKAGE_URL=''
PACKAGE_VERSION='1.0'
PATH_SEPARATOR=':'
PYTHON='/usr/bin/python'
PYTHON_CPPFLAGS='-I/usr/include/python2.7'
PYTHON_EXTRA_LDFLAGS='-Xlinker -export-dynamic'
PYTHON_EXTRA_LIBS=' -lpthread -ldl  -lutil'
PYTHON_LDFLAGS='-L/usr/lib/python2.7 -lpython2.7'
PYTHON_SITE_PKG='/usr/lib/python2.7/site-packages'
PYTHON_VERSION=''
RANLIB='ranlib'
SED='/usr/bin/sed'
SET_MAKE=''
SHELL='/bin/sh'
STRIP='strip'
VERSION='1.0'
ac_ct_AR='ar'
ac_ct_CC='gcc'
ac_ct_DUMPBIN=''
am__EXEEXT_FALSE=''
am__EXEEXT_TRUE='#'
am__fastdepCC_FALSE='#'
am__fastdepCC_TRUE=''
am__include='include'
am__isrc=''
am__leading_dot='.'
am__nodep='_no'
am__quote=''
am__tar='$${TAR-tar} chof - "$$tardir"'
am__untar='$${TAR-tar} xf -'
bindir='${exec_prefix}/bin'
build='x86_64-unknown-linux-gnu'
build_alias=''
build_cpu='x86_64'
build_os='linux-gnu'
build_vendor='unknown'
datadir='${datarootdir}'
datarootdir='${prefix}/share'
docdir='${datarootdir}/doc/${PACKAGE_TARNAME}'
dvidir='${docdir}'
exec_prefix='${prefix}'
host='x86_64-unknown-linux-gnu'
host_alias=''
host_cpu='x86_64'
host_os='linux-gnu'
host_vendor='unknown'
htmldir='${docdir}'
includedir='${prefix}/include'
infodir='${datarootdir}/info'
install_sh='${SHELL} /home/drex/Documents/Spring2016/gsoc/jojoSoc/libscript/libscript-python/install-sh'
libdir='${exec_prefix}/lib'
libexecdir='${exec_prefix}/libexec'
localedir='${datarootdir}/locale'
localstatedir='${prefix}/var'
mandir='${datarootdir}/man'
mkdir_p='$(MKDIR_P)'
oldincludedir='/usr/include'
pdfdir='${docdir}'
prefix='/home/drex/Documents/Spring2016/gsoc/jojoSoc/libscript/build'
program_transform_name='s,x,x,'
psdir='${docdir}'
sbindir='${exec_prefix}/sbin'
sharedstatedir='${prefix}/com'
sysconfdir='${prefix}/etc'
target_alias=''

## ----------- ##
## confdefs.h. ##
## ----------- ##

/* confdefs.h */
#define PACKAGE_NAME "libscript-python"
#define PACKAGE_TARNAME "libscript-python"
#define PACKAGE_VERSION "1.0"
#define PACKAGE_STRING "libscript-python 1.0"
#define PACKAGE_BUGREPORT "hisham@inf.puc-rio.br"
#define PACKAGE_URL ""
#define PACKAGE "libscript-python"
#define VERSION "1.0"
#define STDC_HEADERS 1
#define HAVE_SYS_TYPES_H 1
#define HAVE_SYS_STAT_H 1
#define HAVE_STDLIB_H 1
#define HAVE_STRING_H 1
#define HAVE_MEMORY_H 1
#define HAVE_STRINGS_H 1
#define HAVE_INTTYPES_H 1
#define HAVE_STDINT_H 1
#define HAVE_UNISTD_H 1
#define HAVE_DLFCN_H 1
#define LT_OBJDIR ".libs/"
#define STDC_HEADERS 1
#define HAVE_STRING_H 1
#define HAVE_STDLIB_H 1
#define HAVE_MALLOC 1
#define HAVE_MEMSET 1
#define HAVE_STRCHR 1

configure: exit 0
