This file contains any messages produced by compilers while
running configure, to aid debugging if configure makes a mistake.

It was created by libscript configure 1.0, which was
generated by GNU Autoconf 2.69.  Invocation command line was

  $ ./configure --prefix=/home/drex/Documents/Spring2016/gsoc/jojoSoc/libscript/build

## --------- ##
## Platform. ##
## --------- ##

hostname = localhost
uname -m = x86_64
uname -r = 4.3.3-2-ARCH
uname -s = Linux
uname -v = #1 SMP PREEMPT Wed Dec 23 20:09:18 CET 2015

/usr/bin/uname -p = unknown
/bin/uname -X     = unknown

/bin/arch              = unknown
/usr/bin/arch -k       = unknown
/usr/convex/getsysinfo = unknown
/usr/bin/hostinfo      = unknown
/bin/machine           = unknown
/usr/bin/oslevel       = unknown
/bin/universe          = unknown

PATH: /usr/local/sbin
PATH: /usr/local/bin
PATH: /usr/bin
PATH: /usr/lib/jvm/default/bin
PATH: /usr/bin/site_perl
PATH: /usr/bin/vendor_perl
PATH: /usr/bin/core_perl
PATH: /home/drex/.rvm/bin


## ----------- ##
## Core tests. ##
## ----------- ##

configure:2258: checking for a BSD-compatible install
configure:2326: result: /usr/bin/install -c
configure:2337: checking whether build environment is sane
configure:2392: result: yes
configure:2543: checking for a thread-safe mkdir -p
configure:2582: result: /usr/bin/mkdir -p
configure:2589: checking for gawk
configure:2605: found /usr/bin/gawk
configure:2616: result: gawk
configure:2627: checking whether make sets $(MAKE)
configure:2649: result: yes
configure:2678: checking whether make supports nested variables
configure:2695: result: yes
configure:2854: checking build system type
configure:2868: result: x86_64-unknown-linux-gnu
configure:2888: checking host system type
configure:2901: result: x86_64-unknown-linux-gnu
configure:2942: checking how to print strings
configure:2969: result: printf
configure:3002: checking for style of include used by make
configure:3030: result: GNU
configure:3101: checking for gcc
configure:3117: found /usr/bin/gcc
configure:3128: result: gcc
configure:3357: checking for C compiler version
configure:3366: gcc --version >&5
gcc (GCC) 5.3.0
Copyright (C) 2015 Free Software Foundation, Inc.
This is free software; see the source for copying conditions.  There is NO
warranty; not even for MERCHANTABILITY or FITNESS FOR A PARTICULAR PURPOSE.

configure:3377: $? = 0
configure:3366: gcc -v >&5
Using built-in specs.
COLLECT_GCC=gcc
COLLECT_LTO_WRAPPER=/usr/lib/gcc/x86_64-unknown-linux-gnu/5.3.0/lto-wrapper
Target: x86_64-unknown-linux-gnu
Configured with: /build/gcc/src/gcc-5.3.0/configure --prefix=/usr --libdir=/usr/lib --libexecdir=/usr/lib --mandir=/usr/share/man --infodir=/usr/share/info --with-bugurl=https://bugs.archlinux.org/ --enable-languages=c,c++,ada,fortran,go,lto,objc,obj-c++ --enable-shared --enable-threads=posix --enable-libmpx --with-system-zlib --with-isl --enable-__cxa_atexit --disable-libunwind-exceptions --enable-clocale=gnu --disable-libstdcxx-pch --disable-libssp --enable-gnu-unique-object --enable-linker-build-id --enable-lto --enable-plugin --enable-install-libiberty --with-linker-hash-style=gnu --enable-gnu-indirect-function --disable-multilib --disable-werror --enable-checking=release
Thread model: posix
gcc version 5.3.0 (GCC) 
configure:3377: $? = 0
configure:3366: gcc -V >&5
gcc: error: unrecognized command line option '-V'
gcc: fatal error: no input files
compilation terminated.
configure:3377: $? = 1
configure:3366: gcc -qversion >&5
gcc: error: unrecognized command line option '-qversion'
gcc: fatal error: no input files
compilation terminated.
configure:3377: $? = 1
configure:3397: checking whether the C compiler works
configure:3419: gcc  -I/home/drex/Documents/Spring2016/gsoc/jojoSoc/libscript/build/include -L/home/drex/Documents/Spring2016/gsoc/jojoSoc/libscript/build/lib conftest.c  >&5
configure:3423: $? = 0
configure:3471: result: yes
configure:3474: checking for C compiler default output file name
configure:3476: result: a.out
configure:3482: checking for suffix of executables
configure:3489: gcc -o conftest  -I/home/drex/Documents/Spring2016/gsoc/jojoSoc/libscript/build/include -L/home/drex/Documents/Spring2016/gsoc/jojoSoc/libscript/build/lib conftest.c  >&5
configure:3493: $? = 0
configure:3515: result: 
configure:3537: checking whether we are cross compiling
configure:3545: gcc -o conftest  -I/home/drex/Documents/Spring2016/gsoc/jojoSoc/libscript/build/include -L/home/drex/Documents/Spring2016/gsoc/jojoSoc/libscript/build/lib conftest.c  >&5
configure:3549: $? = 0
configure:3556: ./conftest
configure:3560: $? = 0
configure:3575: result: no
configure:3580: checking for suffix of object files
configure:3602: gcc -c  -I/home/drex/Documents/Spring2016/gsoc/jojoSoc/libscript/build/include conftest.c >&5
configure:3606: $? = 0
configure:3627: result: o
configure:3631: checking whether we are using the GNU C compiler
configure:3650: gcc -c  -I/home/drex/Documents/Spring2016/gsoc/jojoSoc/libscript/build/include conftest.c >&5
configure:3650: $? = 0
configure:3659: result: yes
configure:3668: checking whether gcc accepts -g
configure:3688: gcc -c -g -I/home/drex/Documents/Spring2016/gsoc/jojoSoc/libscript/build/include conftest.c >&5
configure:3688: $? = 0
configure:3729: result: yes
configure:3746: checking for gcc option to accept ISO C89
configure:3809: gcc  -c -g -O2 -I/home/drex/Documents/Spring2016/gsoc/jojoSoc/libscript/build/include conftest.c >&5
configure:3809: $? = 0
configure:3822: result: none needed
configure:3847: checking whether gcc understands -c and -o together
configure:3869: gcc -c conftest.c -o conftest2.o
configure:3872: $? = 0
configure:3869: gcc -c conftest.c -o conftest2.o
configure:3872: $? = 0
configure:3884: result: yes
configure:3903: checking dependency style of gcc
configure:4014: result: gcc3
configure:4029: checking for a sed that does not truncate output
configure:4093: result: /usr/bin/sed
configure:4111: checking for grep that handles long lines and -e
configure:4169: result: /usr/bin/grep
configure:4174: checking for egrep
configure:4236: result: /usr/bin/grep -E
configure:4241: checking for fgrep
configure:4303: result: /usr/bin/grep -F
configure:4338: checking for ld used by gcc
configure:4405: result: /usr/bin/ld
configure:4412: checking if the linker (/usr/bin/ld) is GNU ld
configure:4427: result: yes
configure:4439: checking for BSD- or MS-compatible name lister (nm)
configure:4493: result: /usr/bin/nm -B
configure:4623: checking the name lister (/usr/bin/nm -B) interface
configure:4630: gcc -c -g -O2 -I/home/drex/Documents/Spring2016/gsoc/jojoSoc/libscript/build/include conftest.c >&5
configure:4633: /usr/bin/nm -B "conftest.o"
configure:4636: output
0000000000000000 B some_variable
configure:4643: result: BSD nm
configure:4646: checking whether ln -s works
configure:4650: result: yes
configure:4658: checking the maximum length of command line arguments
configure:4789: result: 1572864
configure:4837: checking how to convert x86_64-unknown-linux-gnu file names to x86_64-unknown-linux-gnu format
configure:4877: result: func_convert_file_noop
configure:4884: checking how to convert x86_64-unknown-linux-gnu file names to toolchain format
configure:4904: result: func_convert_file_noop
configure:4911: checking for /usr/bin/ld option to reload object files
configure:4918: result: -r
configure:4992: checking for objdump
configure:5008: found /usr/bin/objdump
configure:5019: result: objdump
configure:5051: checking how to recognize dependent libraries
configure:5251: result: pass_all
configure:5336: checking for dlltool
configure:5366: result: no
configure:5396: checking how to associate runtime and link libraries
configure:5423: result: printf %s\n
configure:5484: checking for ar
configure:5500: found /usr/bin/ar
configure:5511: result: ar
configure:5548: checking for archiver @FILE support
configure:5565: gcc -c -g -O2 -I/home/drex/Documents/Spring2016/gsoc/jojoSoc/libscript/build/include conftest.c >&5
configure:5565: $? = 0
configure:5568: ar cru libconftest.a @conftest.lst >&5
ar: `u' modifier ignored since `D' is the default (see `U')
configure:5571: $? = 0
configure:5576: ar cru libconftest.a @conftest.lst >&5
ar: `u' modifier ignored since `D' is the default (see `U')
ar: conftest.o: No such file or directory
configure:5579: $? = 1
configure:5591: result: @
configure:5649: checking for strip
configure:5665: found /usr/bin/strip
configure:5676: result: strip
configure:5748: checking for ranlib
configure:5764: found /usr/bin/ranlib
configure:5775: result: ranlib
configure:5877: checking command to parse /usr/bin/nm -B output from gcc object
configure:6030: gcc -c -g -O2 -I/home/drex/Documents/Spring2016/gsoc/jojoSoc/libscript/build/include conftest.c >&5
configure:6033: $? = 0
configure:6037: /usr/bin/nm -B conftest.o \| sed -n -e 's/^.*[ ]\([ABCDGIRSTW][ABCDGIRSTW]*\)[ ][ ]*\([_A-Za-z][_A-Za-z0-9]*\)$/\1 \2 \2/p' | sed '/ __gnu_lto/d' \> conftest.nm
configure:6040: $? = 0
configure:6106: gcc -o conftest -g -O2 -I/home/drex/Documents/Spring2016/gsoc/jojoSoc/libscript/build/include -L/home/drex/Documents/Spring2016/gsoc/jojoSoc/libscript/build/lib conftest.c conftstm.o >&5
configure:6109: $? = 0
configure:6147: result: ok
configure:6194: checking for sysroot
configure:6224: result: no
configure:6231: checking for a working dd
configure:6269: result: /usr/bin/dd
configure:6273: checking how to truncate binary pipes
configure:6288: result: /usr/bin/dd bs=4096 count=1
configure:6424: gcc -c -g -O2 -I/home/drex/Documents/Spring2016/gsoc/jojoSoc/libscript/build/include conftest.c >&5
configure:6427: $? = 0
configure:6617: checking for mt
configure:6647: result: no
configure:6667: checking if : is a manifest tool
configure:6673: : '-?'
configure:6681: result: no
configure:7358: checking how to run the C preprocessor
configure:7389: gcc -E -I/home/drex/Documents/Spring2016/gsoc/jojoSoc/libscript/build/include conftest.c
configure:7389: $? = 0
configure:7403: gcc -E -I/home/drex/Documents/Spring2016/gsoc/jojoSoc/libscript/build/include conftest.c
conftest.c:11:28: fatal error: ac_nonexistent.h: No such file or directory
compilation terminated.
configure:7403: $? = 1
configure: failed program was:
| /* confdefs.h */
| #define PACKAGE_NAME "libscript"
| #define PACKAGE_TARNAME "libscript"
| #define PACKAGE_VERSION "1.0"
| #define PACKAGE_STRING "libscript 1.0"
| #define PACKAGE_BUGREPORT "hisham@inf.puc-rio.br"
| #define PACKAGE_URL ""
| #define PACKAGE "libscript"
| #define VERSION "1.0"
| /* end confdefs.h.  */
| #include <ac_nonexistent.h>
configure:7428: result: gcc -E
configure:7448: gcc -E -I/home/drex/Documents/Spring2016/gsoc/jojoSoc/libscript/build/include conftest.c
configure:7448: $? = 0
configure:7462: gcc -E -I/home/drex/Documents/Spring2016/gsoc/jojoSoc/libscript/build/include conftest.c
conftest.c:11:28: fatal error: ac_nonexistent.h: No such file or directory
compilation terminated.
configure:7462: $? = 1
configure: failed program was:
| /* confdefs.h */
| #define PACKAGE_NAME "libscript"
| #define PACKAGE_TARNAME "libscript"
| #define PACKAGE_VERSION "1.0"
| #define PACKAGE_STRING "libscript 1.0"
| #define PACKAGE_BUGREPORT "hisham@inf.puc-rio.br"
| #define PACKAGE_URL ""
| #define PACKAGE "libscript"
| #define VERSION "1.0"
| /* end confdefs.h.  */
| #include <ac_nonexistent.h>
configure:7491: checking for ANSI C header files
configure:7511: gcc -c -g -O2 -I/home/drex/Documents/Spring2016/gsoc/jojoSoc/libscript/build/include conftest.c >&5
configure:7511: $? = 0
configure:7584: gcc -o conftest -g -O2 -I/home/drex/Documents/Spring2016/gsoc/jojoSoc/libscript/build/include -L/home/drex/Documents/Spring2016/gsoc/jojoSoc/libscript/build/lib conftest.c  >&5
configure:7584: $? = 0
configure:7584: ./conftest
configure:7584: $? = 0
configure:7595: result: yes
configure:7608: checking for sys/types.h
configure:7608: gcc -c -g -O2 -I/home/drex/Documents/Spring2016/gsoc/jojoSoc/libscript/build/include conftest.c >&5
configure:7608: $? = 0
configure:7608: result: yes
configure:7608: checking for sys/stat.h
configure:7608: gcc -c -g -O2 -I/home/drex/Documents/Spring2016/gsoc/jojoSoc/libscript/build/include conftest.c >&5
configure:7608: $? = 0
configure:7608: result: yes
configure:7608: checking for stdlib.h
configure:7608: gcc -c -g -O2 -I/home/drex/Documents/Spring2016/gsoc/jojoSoc/libscript/build/include conftest.c >&5
configure:7608: $? = 0
configure:7608: result: yes
configure:7608: checking for string.h
configure:7608: gcc -c -g -O2 -I/home/drex/Documents/Spring2016/gsoc/jojoSoc/libscript/build/include conftest.c >&5
configure:7608: $? = 0
configure:7608: result: yes
configure:7608: checking for memory.h
configure:7608: gcc -c -g -O2 -I/home/drex/Documents/Spring2016/gsoc/jojoSoc/libscript/build/include conftest.c >&5
configure:7608: $? = 0
configure:7608: result: yes
configure:7608: checking for strings.h
configure:7608: gcc -c -g -O2 -I/home/drex/Documents/Spring2016/gsoc/jojoSoc/libscript/build/include conftest.c >&5
configure:7608: $? = 0
configure:7608: result: yes
configure:7608: checking for inttypes.h
configure:7608: gcc -c -g -O2 -I/home/drex/Documents/Spring2016/gsoc/jojoSoc/libscript/build/include conftest.c >&5
configure:7608: $? = 0
configure:7608: result: yes
configure:7608: checking for stdint.h
configure:7608: gcc -c -g -O2 -I/home/drex/Documents/Spring2016/gsoc/jojoSoc/libscript/build/include conftest.c >&5
configure:7608: $? = 0
configure:7608: result: yes
configure:7608: checking for unistd.h
configure:7608: gcc -c -g -O2 -I/home/drex/Documents/Spring2016/gsoc/jojoSoc/libscript/build/include conftest.c >&5
configure:7608: $? = 0
configure:7608: result: yes
configure:7622: checking for dlfcn.h
configure:7622: gcc -c -g -O2 -I/home/drex/Documents/Spring2016/gsoc/jojoSoc/libscript/build/include conftest.c >&5
configure:7622: $? = 0
configure:7622: result: yes
configure:7878: checking for objdir
configure:7893: result: .libs
configure:8153: checking if gcc supports -fno-rtti -fno-exceptions
configure:8171: gcc -c -g -O2 -I/home/drex/Documents/Spring2016/gsoc/jojoSoc/libscript/build/include -fno-rtti -fno-exceptions conftest.c >&5
cc1: warning: command line option '-fno-rtti' is valid for C++/ObjC++ but not for C
configure:8175: $? = 0
configure:8188: result: no
configure:8546: checking for gcc option to produce PIC
configure:8553: result: -fPIC -DPIC
configure:8561: checking if gcc PIC flag -fPIC -DPIC works
configure:8579: gcc -c -g -O2 -I/home/drex/Documents/Spring2016/gsoc/jojoSoc/libscript/build/include -fPIC -DPIC -DPIC conftest.c >&5
configure:8583: $? = 0
configure:8596: result: yes
configure:8625: checking if gcc static flag -static works
configure:8653: result: yes
configure:8668: checking if gcc supports -c -o file.o
configure:8689: gcc -c -g -O2 -I/home/drex/Documents/Spring2016/gsoc/jojoSoc/libscript/build/include -o out/conftest2.o conftest.c >&5
configure:8693: $? = 0
configure:8715: result: yes
configure:8723: checking if gcc supports -c -o file.o
configure:8770: result: yes
configure:8803: checking whether the gcc linker (/usr/bin/ld -m elf_x86_64) supports shared libraries
configure:10062: result: yes
configure:10099: checking whether -lc should be explicitly linked in
configure:10107: gcc -c -g -O2 -I/home/drex/Documents/Spring2016/gsoc/jojoSoc/libscript/build/include conftest.c >&5
configure:10110: $? = 0
configure:10125: gcc -shared  -fPIC -DPIC conftest.o  -v -Wl,-soname -Wl,conftest -o conftest 2\>\&1 \| /usr/bin/grep  -lc  \>/dev/null 2\>\&1
configure:10128: $? = 0
configure:10142: result: no
configure:10302: checking dynamic linker characteristics
configure:10883: gcc -o conftest -g -O2 -I/home/drex/Documents/Spring2016/gsoc/jojoSoc/libscript/build/include -L/home/drex/Documents/Spring2016/gsoc/jojoSoc/libscript/build/lib -Wl,-rpath -Wl,/foo conftest.c  >&5
configure:10883: $? = 0
configure:11120: result: GNU/Linux ld.so
configure:11242: checking how to hardcode library paths into programs
configure:11267: result: immediate
configure:11815: checking whether stripping libraries is possible
configure:11820: result: yes
configure:11855: checking if libtool supports shared libraries
configure:11857: result: yes
configure:11860: checking whether to build shared libraries
configure:11885: result: yes
configure:11888: checking whether to build static libraries
configure:11892: result: yes
configure:11979: checking for gcc
configure:12006: result: gcc
configure:12235: checking for C compiler version
configure:12244: gcc --version >&5
gcc (GCC) 5.3.0
Copyright (C) 2015 Free Software Foundation, Inc.
This is free software; see the source for copying conditions.  There is NO
warranty; not even for MERCHANTABILITY or FITNESS FOR A PARTICULAR PURPOSE.

configure:12255: $? = 0
configure:12244: gcc -v >&5
Using built-in specs.
COLLECT_GCC=gcc
COLLECT_LTO_WRAPPER=/usr/lib/gcc/x86_64-unknown-linux-gnu/5.3.0/lto-wrapper
Target: x86_64-unknown-linux-gnu
Configured with: /build/gcc/src/gcc-5.3.0/configure --prefix=/usr --libdir=/usr/lib --libexecdir=/usr/lib --mandir=/usr/share/man --infodir=/usr/share/info --with-bugurl=https://bugs.archlinux.org/ --enable-languages=c,c++,ada,fortran,go,lto,objc,obj-c++ --enable-shared --enable-threads=posix --enable-libmpx --with-system-zlib --with-isl --enable-__cxa_atexit --disable-libunwind-exceptions --enable-clocale=gnu --disable-libstdcxx-pch --disable-libssp --enable-gnu-unique-object --enable-linker-build-id --enable-lto --enable-plugin --enable-install-libiberty --with-linker-hash-style=gnu --enable-gnu-indirect-function --disable-multilib --disable-werror --enable-checking=release
Thread model: posix
gcc version 5.3.0 (GCC) 
configure:12255: $? = 0
configure:12244: gcc -V >&5
gcc: error: unrecognized command line option '-V'
gcc: fatal error: no input files
compilation terminated.
configure:12255: $? = 1
configure:12244: gcc -qversion >&5
gcc: error: unrecognized command line option '-qversion'
gcc: fatal error: no input files
compilation terminated.
configure:12255: $? = 1
configure:12259: checking whether we are using the GNU C compiler
configure:12287: result: yes
configure:12296: checking whether gcc accepts -g
configure:12357: result: yes
configure:12374: checking for gcc option to accept ISO C89
configure:12450: result: none needed
configure:12475: checking whether gcc understands -c and -o together
configure:12512: result: yes
configure:12531: checking dependency style of gcc
configure:12642: result: gcc3
configure:12660: checking for lt_dlinit in -lltdl
configure:12685: gcc -o conftest -g -O2 -I/home/drex/Documents/Spring2016/gsoc/jojoSoc/libscript/build/include -L/home/drex/Documents/Spring2016/gsoc/jojoSoc/libscript/build/lib conftest.c -lltdl   >&5
configure:12685: $? = 0
configure:12694: result: yes
configure:12709: checking for ANSI C header files
configure:12813: result: yes
configure:12823: checking for string.h
configure:12823: result: yes
configure:12835: checking for an ANSI C-conforming const
configure:12901: gcc -c -g -O2 -I/home/drex/Documents/Spring2016/gsoc/jojoSoc/libscript/build/include conftest.c >&5
configure:12901: $? = 0
configure:12908: result: yes
configure:12920: checking for stdlib.h
configure:12920: result: yes
configure:12930: checking for GNU libc compatible malloc
configure:12954: gcc -o conftest -g -O2 -I/home/drex/Documents/Spring2016/gsoc/jojoSoc/libscript/build/include -L/home/drex/Documents/Spring2016/gsoc/jojoSoc/libscript/build/lib conftest.c -lltdl  >&5
configure:12954: $? = 0
configure:12954: ./conftest
configure:12954: $? = 0
configure:12964: result: yes
configure:12988: checking for memset
configure:12988: gcc -o conftest -g -O2 -I/home/drex/Documents/Spring2016/gsoc/jojoSoc/libscript/build/include -L/home/drex/Documents/Spring2016/gsoc/jojoSoc/libscript/build/lib conftest.c -lltdl  >&5
conftest.c:51:6: warning: conflicting types for built-in function 'memset'
 char memset ();
      ^
configure:12988: $? = 0
configure:12988: result: yes
configure:12988: checking for strchr
configure:12988: gcc -o conftest -g -O2 -I/home/drex/Documents/Spring2016/gsoc/jojoSoc/libscript/build/include -L/home/drex/Documents/Spring2016/gsoc/jojoSoc/libscript/build/lib conftest.c -lltdl  >&5
conftest.c:52:6: warning: conflicting types for built-in function 'strchr'
 char strchr ();
      ^
configure:12988: $? = 0
configure:12988: result: yes
configure:13117: checking that generated files are newer than configure
configure:13123: result: done
configure:13150: creating ./config.status

## ---------------------- ##
## Running config.status. ##
## ---------------------- ##

This file was extended by libscript config.status 1.0, which was
generated by GNU Autoconf 2.69.  Invocation command line was

  CONFIG_FILES    = 
  CONFIG_HEADERS  = 
  CONFIG_LINKS    = 
  CONFIG_COMMANDS = 
  $ ./config.status 

on localhost

config.status:1091: creating Makefile
config.status:1091: creating config.h
config.status:1320: executing depfiles commands
config.status:1320: executing libtool commands

## ---------------- ##
## Cache variables. ##
## ---------------- ##

ac_cv_build=x86_64-unknown-linux-gnu
ac_cv_c_compiler_gnu=yes
ac_cv_c_const=yes
ac_cv_env_CC_set=
ac_cv_env_CC_value=
ac_cv_env_CFLAGS_set=
ac_cv_env_CFLAGS_value=
ac_cv_env_CPPFLAGS_set=set
ac_cv_env_CPPFLAGS_value=-I/home/drex/Documents/Spring2016/gsoc/jojoSoc/libscript/build/include
ac_cv_env_CPP_set=
ac_cv_env_CPP_value=
ac_cv_env_LDFLAGS_set=set
ac_cv_env_LDFLAGS_value=-L/home/drex/Documents/Spring2016/gsoc/jojoSoc/libscript/build/lib
ac_cv_env_LIBS_set=
ac_cv_env_LIBS_value=
ac_cv_env_LT_SYS_LIBRARY_PATH_set=
ac_cv_env_LT_SYS_LIBRARY_PATH_value=
ac_cv_env_build_alias_set=
ac_cv_env_build_alias_value=
ac_cv_env_host_alias_set=
ac_cv_env_host_alias_value=
ac_cv_env_target_alias_set=
ac_cv_env_target_alias_value=
ac_cv_func_malloc_0_nonnull=yes
ac_cv_func_memset=yes
ac_cv_func_strchr=yes
ac_cv_header_dlfcn_h=yes
ac_cv_header_inttypes_h=yes
ac_cv_header_memory_h=yes
ac_cv_header_stdc=yes
ac_cv_header_stdint_h=yes
ac_cv_header_stdlib_h=yes
ac_cv_header_string_h=yes
ac_cv_header_strings_h=yes
ac_cv_header_sys_stat_h=yes
ac_cv_header_sys_types_h=yes
ac_cv_header_unistd_h=yes
ac_cv_host=x86_64-unknown-linux-gnu
ac_cv_lib_ltdl_lt_dlinit=yes
ac_cv_objext=o
ac_cv_path_EGREP='/usr/bin/grep -E'
ac_cv_path_FGREP='/usr/bin/grep -F'
ac_cv_path_GREP=/usr/bin/grep
ac_cv_path_SED=/usr/bin/sed
ac_cv_path_install='/usr/bin/install -c'
ac_cv_path_lt_DD=/usr/bin/dd
ac_cv_path_mkdir=/usr/bin/mkdir
ac_cv_prog_AWK=gawk
ac_cv_prog_CPP='gcc -E'
ac_cv_prog_ac_ct_AR=ar
ac_cv_prog_ac_ct_CC=gcc
ac_cv_prog_ac_ct_OBJDUMP=objdump
ac_cv_prog_ac_ct_RANLIB=ranlib
ac_cv_prog_ac_ct_STRIP=strip
ac_cv_prog_cc_c89=
ac_cv_prog_cc_g=yes
ac_cv_prog_make_make_set=yes
am_cv_CC_dependencies_compiler_type=gcc3
am_cv_make_support_nested_variables=yes
am_cv_prog_cc_c_o=yes
lt_cv_ar_at_file=@
lt_cv_archive_cmds_need_lc=no
lt_cv_deplibs_check_method=pass_all
lt_cv_file_magic_cmd='$MAGIC_CMD'
lt_cv_file_magic_test_file=
lt_cv_ld_reload_flag=-r
lt_cv_nm_interface='BSD nm'
lt_cv_objdir=.libs
lt_cv_path_LD=/usr/bin/ld
lt_cv_path_NM='/usr/bin/nm -B'
lt_cv_path_mainfest_tool=no
lt_cv_prog_compiler_c_o=yes
lt_cv_prog_compiler_pic='-fPIC -DPIC'
lt_cv_prog_compiler_pic_works=yes
lt_cv_prog_compiler_rtti_exceptions=no
lt_cv_prog_compiler_static_works=yes
lt_cv_prog_gnu_ld=yes
lt_cv_sharedlib_from_linklib_cmd='printf %s\n'
lt_cv_shlibpath_overrides_runpath=no
lt_cv_sys_global_symbol_pipe='sed -n -e '\''s/^.*[	 ]\([ABCDGIRSTW][ABCDGIRSTW]*\)[	 ][	 ]*\([_A-Za-z][_A-Za-z0-9]*\)$/\1 \2 \2/p'\'' | sed '\''/ __gnu_lto/d'\'''
lt_cv_sys_global_symbol_to_c_name_address='sed -n -e '\''s/^: \(.*\) .*$/  {"\1", (void *) 0},/p'\'' -e '\''s/^[ABCDGIRSTW][ABCDGIRSTW]* .* \(.*\)$/  {"\1", (void *) \&\1},/p'\'''
lt_cv_sys_global_symbol_to_c_name_address_lib_prefix='sed -n -e '\''s/^: \(.*\) .*$/  {"\1", (void *) 0},/p'\'' -e '\''s/^[ABCDGIRSTW][ABCDGIRSTW]* .* \(lib.*\)$/  {"\1", (void *) \&\1},/p'\'' -e '\''s/^[ABCDGIRSTW][ABCDGIRSTW]* .* \(.*\)$/  {"lib\1", (void *) \&\1},/p'\'''
lt_cv_sys_global_symbol_to_cdecl='sed -n -e '\''s/^T .* \(.*\)$/extern int \1();/p'\'' -e '\''s/^[ABCDGIRSTW][ABCDGIRSTW]* .* \(.*\)$/extern char \1;/p'\'''
lt_cv_sys_global_symbol_to_import=
lt_cv_sys_max_cmd_len=1572864
lt_cv_to_host_file_cmd=func_convert_file_noop
lt_cv_to_tool_file_cmd=func_convert_file_noop
lt_cv_truncate_bin='/usr/bin/dd bs=4096 count=1'

## ----------------- ##
## Output variables. ##
## ----------------- ##

ACLOCAL='${SHELL} /home/drex/Documents/Spring2016/gsoc/jojoSoc/libscript/libscript/missing aclocal-1.15'
AMDEPBACKSLASH='\'
AMDEP_FALSE='#'
AMDEP_TRUE=''
AMTAR='$${TAR-tar}'
AM_BACKSLASH='\'
AM_DEFAULT_V='$(AM_DEFAULT_VERBOSITY)'
AM_DEFAULT_VERBOSITY='1'
AM_V='$(V)'
AR='ar'
AUTOCONF='${SHELL} /home/drex/Documents/Spring2016/gsoc/jojoSoc/libscript/libscript/missing autoconf'
AUTOHEADER='${SHELL} /home/drex/Documents/Spring2016/gsoc/jojoSoc/libscript/libscript/missing autoheader'
AUTOMAKE='${SHELL} /home/drex/Documents/Spring2016/gsoc/jojoSoc/libscript/libscript/missing automake-1.15'
AWK='gawk'
CC='gcc'
CCDEPMODE='depmode=gcc3'
CFLAGS='-g -O2'
CPP='gcc -E'
CPPFLAGS='-I/home/drex/Documents/Spring2016/gsoc/jojoSoc/libscript/build/include'
CYGPATH_W='echo'
DEFS='-DHAVE_CONFIG_H'
DEPDIR='.deps'
DLLTOOL='false'
DSYMUTIL=''
DUMPBIN=''
ECHO_C=''
ECHO_N='-n'
ECHO_T=''
EGREP='/usr/bin/grep -E'
EXEEXT=''
FGREP='/usr/bin/grep -F'
GREP='/usr/bin/grep'
INSTALL_DATA='${INSTALL} -m 644'
INSTALL_PROGRAM='${INSTALL}'
INSTALL_SCRIPT='${INSTALL}'
INSTALL_STRIP_PROGRAM='$(install_sh) -c -s'
LD='/usr/bin/ld -m elf_x86_64'
LDFLAGS='-L/home/drex/Documents/Spring2016/gsoc/jojoSoc/libscript/build/lib'
LIBOBJS=''
LIBS='-lltdl '
LIBTOOL='$(SHELL) $(top_builddir)/libtool'
LIPO=''
LN_S='ln -s'
LTLIBOBJS=''
LT_SYS_LIBRARY_PATH=''
MAKEINFO='${SHELL} /home/drex/Documents/Spring2016/gsoc/jojoSoc/libscript/libscript/missing makeinfo'
MANIFEST_TOOL=':'
MKDIR_P='/usr/bin/mkdir -p'
NM='/usr/bin/nm -B'
NMEDIT=''
OBJDUMP='objdump'
OBJEXT='o'
OTOOL64=''
OTOOL=''
PACKAGE='libscript'
PACKAGE_BUGREPORT='hisham@inf.puc-rio.br'
PACKAGE_NAME='libscript'
PACKAGE_STRING='libscript 1.0'
PACKAGE_TARNAME='libscript'
PACKAGE_URL=''
PACKAGE_VERSION='1.0'
PATH_SEPARATOR=':'
RANLIB='ranlib'
SED='/usr/bin/sed'
SET_MAKE=''
SHELL='/bin/sh'
STRIP='strip'
VERSION='1.0'
ac_ct_AR='ar'
ac_ct_CC='gcc'
ac_ct_DUMPBIN=''
am__EXEEXT_FALSE=''
am__EXEEXT_TRUE='#'
am__fastdepCC_FALSE='#'
am__fastdepCC_TRUE=''
am__include='include'
am__isrc=''
am__leading_dot='.'
am__nodep='_no'
am__quote=''
am__tar='$${TAR-tar} chof - "$$tardir"'
am__untar='$${TAR-tar} xf -'
bindir='${exec_prefix}/bin'
build='x86_64-unknown-linux-gnu'
build_alias=''
build_cpu='x86_64'
build_os='linux-gnu'
build_vendor='unknown'
datadir='${datarootdir}'
datarootdir='${prefix}/share'
docdir='${datarootdir}/doc/${PACKAGE_TARNAME}'
dvidir='${docdir}'
exec_prefix='${prefix}'
host='x86_64-unknown-linux-gnu'
host_alias=''
host_cpu='x86_64'
host_os='linux-gnu'
host_vendor='unknown'
htmldir='${docdir}'
includedir='${prefix}/include'
infodir='${datarootdir}/info'
install_sh='${SHELL} /home/drex/Documents/Spring2016/gsoc/jojoSoc/libscript/libscript/install-sh'
libdir='${exec_prefix}/lib'
libexecdir='${exec_prefix}/libexec'
localedir='${datarootdir}/locale'
localstatedir='${prefix}/var'
mandir='${datarootdir}/man'
mkdir_p='$(MKDIR_P)'
oldincludedir='/usr/include'
pdfdir='${docdir}'
prefix='/home/drex/Documents/Spring2016/gsoc/jojoSoc/libscript/build'
program_transform_name='s,x,x,'
psdir='${docdir}'
sbindir='${exec_prefix}/sbin'
sharedstatedir='${prefix}/com'
sysconfdir='${prefix}/etc'
target_alias=''

## ----------- ##
## confdefs.h. ##
## ----------- ##

/* confdefs.h */
#define PACKAGE_NAME "libscript"
#define PACKAGE_TARNAME "libscript"
#define PACKAGE_VERSION "1.0"
#define PACKAGE_STRING "libscript 1.0"
#define PACKAGE_BUGREPORT "hisham@inf.puc-rio.br"
#define PACKAGE_URL ""
#define PACKAGE "libscript"
#define VERSION "1.0"
#define STDC_HEADERS 1
#define HAVE_SYS_TYPES_H 1
#define HAVE_SYS_STAT_H 1
#define HAVE_STDLIB_H 1
#define HAVE_STRING_H 1
#define HAVE_MEMORY_H 1
#define HAVE_STRINGS_H 1
#define HAVE_INTTYPES_H 1
#define HAVE_STDINT_H 1
#define HAVE_UNISTD_H 1
#define HAVE_DLFCN_H 1
#define LT_OBJDIR ".libs/"
#define HAVE_LIBLTDL 1
#define STDC_HEADERS 1
#define HAVE_STRING_H 1
#define HAVE_STDLIB_H 1
#define HAVE_MALLOC 1
#define HAVE_MEMSET 1
#define HAVE_STRCHR 1
#define DATADIR "/home/drex/Documents/Spring2016/gsoc/jojoSoc/libscript/build/share"

configure: exit 0

## ---------------------- ##
## Running config.status. ##
## ---------------------- ##

This file was extended by libscript config.status 1.0, which was
generated by GNU Autoconf 2.69.  Invocation command line was

  CONFIG_FILES    = 
  CONFIG_HEADERS  = 
  CONFIG_LINKS    = 
  CONFIG_COMMANDS = 
  $ ./config.status config.h

on localhost

config.status:1091: creating config.h
config.status:1272: config.h is unchanged
