This file contains any messages produced by compilers while
running configure, to aid debugging if configure makes a mistake.

It was created by libscript-perl configure 1.0, which was
generated by GNU Autoconf 2.69.  Invocation command line was

  $ ./configure --prefix=/home/drex/Documents/Spring2016/gsoc/jojoSoc/libscript/build

## --------- ##
## Platform. ##
## --------- ##

hostname = localhost
uname -m = x86_64
uname -r = 4.3.3-2-ARCH
uname -s = Linux
uname -v = #1 SMP PREEMPT Wed Dec 23 20:09:18 CET 2015

/usr/bin/uname -p = unknown
/bin/uname -X     = unknown

/bin/arch              = unknown
/usr/bin/arch -k       = unknown
/usr/convex/getsysinfo = unknown
/usr/bin/hostinfo      = unknown
/bin/machine           = unknown
/usr/bin/oslevel       = unknown
/bin/universe          = unknown

PATH: /usr/local/sbin
PATH: /usr/local/bin
PATH: /usr/bin
PATH: /usr/lib/jvm/default/bin
PATH: /usr/bin/site_perl
PATH: /usr/bin/vendor_perl
PATH: /usr/bin/core_perl
PATH: /home/drex/.rvm/bin


## ----------- ##
## Core tests. ##
## ----------- ##

configure:2263: checking for a BSD-compatible install
configure:2331: result: /usr/bin/install -c
configure:2342: checking whether build environment is sane
configure:2397: result: yes
configure:2548: checking for a thread-safe mkdir -p
configure:2587: result: /usr/bin/mkdir -p
configure:2594: checking for gawk
configure:2610: found /usr/bin/gawk
configure:2621: result: gawk
configure:2632: checking whether make sets $(MAKE)
configure:2654: result: yes
configure:2683: checking whether make supports nested variables
configure:2700: result: yes
configure:2859: checking build system type
configure:2873: result: x86_64-unknown-linux-gnu
configure:2893: checking host system type
configure:2906: result: x86_64-unknown-linux-gnu
configure:2947: checking how to print strings
configure:2974: result: printf
configure:3007: checking for style of include used by make
configure:3035: result: GNU
configure:3106: checking for gcc
configure:3122: found /usr/bin/gcc
configure:3133: result: gcc
configure:3362: checking for C compiler version
configure:3371: gcc --version >&5
gcc (GCC) 5.3.0
Copyright (C) 2015 Free Software Foundation, Inc.
This is free software; see the source for copying conditions.  There is NO
warranty; not even for MERCHANTABILITY or FITNESS FOR A PARTICULAR PURPOSE.

configure:3382: $? = 0
configure:3371: gcc -v >&5
Using built-in specs.
COLLECT_GCC=gcc
COLLECT_LTO_WRAPPER=/usr/lib/gcc/x86_64-unknown-linux-gnu/5.3.0/lto-wrapper
Target: x86_64-unknown-linux-gnu
Configured with: /build/gcc/src/gcc-5.3.0/configure --prefix=/usr --libdir=/usr/lib --libexecdir=/usr/lib --mandir=/usr/share/man --infodir=/usr/share/info --with-bugurl=https://bugs.archlinux.org/ --enable-languages=c,c++,ada,fortran,go,lto,objc,obj-c++ --enable-shared --enable-threads=posix --enable-libmpx --with-system-zlib --with-isl --enable-__cxa_atexit --disable-libunwind-exceptions --enable-clocale=gnu --disable-libstdcxx-pch --disable-libssp --enable-gnu-unique-object --enable-linker-build-id --enable-lto --enable-plugin --enable-install-libiberty --with-linker-hash-style=gnu --enable-gnu-indirect-function --disable-multilib --disable-werror --enable-checking=release
Thread model: posix
gcc version 5.3.0 (GCC) 
configure:3382: $? = 0
configure:3371: gcc -V >&5
gcc: error: unrecognized command line option '-V'
gcc: fatal error: no input files
compilation terminated.
configure:3382: $? = 1
configure:3371: gcc -qversion >&5
gcc: error: unrecognized command line option '-qversion'
gcc: fatal error: no input files
compilation terminated.
configure:3382: $? = 1
configure:3402: checking whether the C compiler works
configure:3424: gcc  -I/home/drex/Documents/Spring2016/gsoc/jojoSoc/libscript/build/include -L/home/drex/Documents/Spring2016/gsoc/jojoSoc/libscript/build/lib conftest.c  >&5
configure:3428: $? = 0
configure:3476: result: yes
configure:3479: checking for C compiler default output file name
configure:3481: result: a.out
configure:3487: checking for suffix of executables
configure:3494: gcc -o conftest  -I/home/drex/Documents/Spring2016/gsoc/jojoSoc/libscript/build/include -L/home/drex/Documents/Spring2016/gsoc/jojoSoc/libscript/build/lib conftest.c  >&5
configure:3498: $? = 0
configure:3520: result: 
configure:3542: checking whether we are cross compiling
configure:3550: gcc -o conftest  -I/home/drex/Documents/Spring2016/gsoc/jojoSoc/libscript/build/include -L/home/drex/Documents/Spring2016/gsoc/jojoSoc/libscript/build/lib conftest.c  >&5
configure:3554: $? = 0
configure:3561: ./conftest
configure:3565: $? = 0
configure:3580: result: no
configure:3585: checking for suffix of object files
configure:3607: gcc -c  -I/home/drex/Documents/Spring2016/gsoc/jojoSoc/libscript/build/include conftest.c >&5
configure:3611: $? = 0
configure:3632: result: o
configure:3636: checking whether we are using the GNU C compiler
configure:3655: gcc -c  -I/home/drex/Documents/Spring2016/gsoc/jojoSoc/libscript/build/include conftest.c >&5
configure:3655: $? = 0
configure:3664: result: yes
configure:3673: checking whether gcc accepts -g
configure:3693: gcc -c -g -I/home/drex/Documents/Spring2016/gsoc/jojoSoc/libscript/build/include conftest.c >&5
configure:3693: $? = 0
configure:3734: result: yes
configure:3751: checking for gcc option to accept ISO C89
configure:3814: gcc  -c -g -O2 -I/home/drex/Documents/Spring2016/gsoc/jojoSoc/libscript/build/include conftest.c >&5
configure:3814: $? = 0
configure:3827: result: none needed
configure:3852: checking whether gcc understands -c and -o together
configure:3874: gcc -c conftest.c -o conftest2.o
configure:3877: $? = 0
configure:3874: gcc -c conftest.c -o conftest2.o
configure:3877: $? = 0
configure:3889: result: yes
configure:3908: checking dependency style of gcc
configure:4019: result: gcc3
configure:4034: checking for a sed that does not truncate output
configure:4098: result: /usr/bin/sed
configure:4116: checking for grep that handles long lines and -e
configure:4174: result: /usr/bin/grep
configure:4179: checking for egrep
configure:4241: result: /usr/bin/grep -E
configure:4246: checking for fgrep
configure:4308: result: /usr/bin/grep -F
configure:4343: checking for ld used by gcc
configure:4410: result: /usr/bin/ld
configure:4417: checking if the linker (/usr/bin/ld) is GNU ld
configure:4432: result: yes
configure:4444: checking for BSD- or MS-compatible name lister (nm)
configure:4498: result: /usr/bin/nm -B
configure:4628: checking the name lister (/usr/bin/nm -B) interface
configure:4635: gcc -c -g -O2 -I/home/drex/Documents/Spring2016/gsoc/jojoSoc/libscript/build/include conftest.c >&5
configure:4638: /usr/bin/nm -B "conftest.o"
configure:4641: output
0000000000000000 B some_variable
configure:4648: result: BSD nm
configure:4651: checking whether ln -s works
configure:4655: result: yes
configure:4663: checking the maximum length of command line arguments
configure:4794: result: 1572864
configure:4842: checking how to convert x86_64-unknown-linux-gnu file names to x86_64-unknown-linux-gnu format
configure:4882: result: func_convert_file_noop
configure:4889: checking how to convert x86_64-unknown-linux-gnu file names to toolchain format
configure:4909: result: func_convert_file_noop
configure:4916: checking for /usr/bin/ld option to reload object files
configure:4923: result: -r
configure:4997: checking for objdump
configure:5013: found /usr/bin/objdump
configure:5024: result: objdump
configure:5056: checking how to recognize dependent libraries
configure:5256: result: pass_all
configure:5341: checking for dlltool
configure:5371: result: no
configure:5401: checking how to associate runtime and link libraries
configure:5428: result: printf %s\n
configure:5489: checking for ar
configure:5505: found /usr/bin/ar
configure:5516: result: ar
configure:5553: checking for archiver @FILE support
configure:5570: gcc -c -g -O2 -I/home/drex/Documents/Spring2016/gsoc/jojoSoc/libscript/build/include conftest.c >&5
configure:5570: $? = 0
configure:5573: ar cru libconftest.a @conftest.lst >&5
ar: `u' modifier ignored since `D' is the default (see `U')
configure:5576: $? = 0
configure:5581: ar cru libconftest.a @conftest.lst >&5
ar: `u' modifier ignored since `D' is the default (see `U')
ar: conftest.o: No such file or directory
configure:5584: $? = 1
configure:5596: result: @
configure:5654: checking for strip
configure:5670: found /usr/bin/strip
configure:5681: result: strip
configure:5753: checking for ranlib
configure:5769: found /usr/bin/ranlib
configure:5780: result: ranlib
configure:5882: checking command to parse /usr/bin/nm -B output from gcc object
configure:6035: gcc -c -g -O2 -I/home/drex/Documents/Spring2016/gsoc/jojoSoc/libscript/build/include conftest.c >&5
configure:6038: $? = 0
configure:6042: /usr/bin/nm -B conftest.o \| sed -n -e 's/^.*[ ]\([ABCDGIRSTW][ABCDGIRSTW]*\)[ ][ ]*\([_A-Za-z][_A-Za-z0-9]*\)$/\1 \2 \2/p' | sed '/ __gnu_lto/d' \> conftest.nm
configure:6045: $? = 0
configure:6111: gcc -o conftest -g -O2 -I/home/drex/Documents/Spring2016/gsoc/jojoSoc/libscript/build/include -L/home/drex/Documents/Spring2016/gsoc/jojoSoc/libscript/build/lib conftest.c conftstm.o >&5
configure:6114: $? = 0
configure:6152: result: ok
configure:6199: checking for sysroot
configure:6229: result: no
configure:6236: checking for a working dd
configure:6274: result: /usr/bin/dd
configure:6278: checking how to truncate binary pipes
configure:6293: result: /usr/bin/dd bs=4096 count=1
configure:6429: gcc -c -g -O2 -I/home/drex/Documents/Spring2016/gsoc/jojoSoc/libscript/build/include conftest.c >&5
configure:6432: $? = 0
configure:6622: checking for mt
configure:6652: result: no
configure:6672: checking if : is a manifest tool
configure:6678: : '-?'
configure:6686: result: no
configure:7363: checking how to run the C preprocessor
configure:7394: gcc -E -I/home/drex/Documents/Spring2016/gsoc/jojoSoc/libscript/build/include conftest.c
configure:7394: $? = 0
configure:7408: gcc -E -I/home/drex/Documents/Spring2016/gsoc/jojoSoc/libscript/build/include conftest.c
conftest.c:11:28: fatal error: ac_nonexistent.h: No such file or directory
compilation terminated.
configure:7408: $? = 1
configure: failed program was:
| /* confdefs.h */
| #define PACKAGE_NAME "libscript-perl"
| #define PACKAGE_TARNAME "libscript-perl"
| #define PACKAGE_VERSION "1.0"
| #define PACKAGE_STRING "libscript-perl 1.0"
| #define PACKAGE_BUGREPORT "hisham@inf.puc-rio.br"
| #define PACKAGE_URL ""
| #define PACKAGE "libscript-perl"
| #define VERSION "1.0"
| /* end confdefs.h.  */
| #include <ac_nonexistent.h>
configure:7433: result: gcc -E
configure:7453: gcc -E -I/home/drex/Documents/Spring2016/gsoc/jojoSoc/libscript/build/include conftest.c
configure:7453: $? = 0
configure:7467: gcc -E -I/home/drex/Documents/Spring2016/gsoc/jojoSoc/libscript/build/include conftest.c
conftest.c:11:28: fatal error: ac_nonexistent.h: No such file or directory
compilation terminated.
configure:7467: $? = 1
configure: failed program was:
| /* confdefs.h */
| #define PACKAGE_NAME "libscript-perl"
| #define PACKAGE_TARNAME "libscript-perl"
| #define PACKAGE_VERSION "1.0"
| #define PACKAGE_STRING "libscript-perl 1.0"
| #define PACKAGE_BUGREPORT "hisham@inf.puc-rio.br"
| #define PACKAGE_URL ""
| #define PACKAGE "libscript-perl"
| #define VERSION "1.0"
| /* end confdefs.h.  */
| #include <ac_nonexistent.h>
configure:7496: checking for ANSI C header files
configure:7516: gcc -c -g -O2 -I/home/drex/Documents/Spring2016/gsoc/jojoSoc/libscript/build/include conftest.c >&5
configure:7516: $? = 0
configure:7589: gcc -o conftest -g -O2 -I/home/drex/Documents/Spring2016/gsoc/jojoSoc/libscript/build/include -L/home/drex/Documents/Spring2016/gsoc/jojoSoc/libscript/build/lib conftest.c  >&5
configure:7589: $? = 0
configure:7589: ./conftest
configure:7589: $? = 0
configure:7600: result: yes
configure:7613: checking for sys/types.h
configure:7613: gcc -c -g -O2 -I/home/drex/Documents/Spring2016/gsoc/jojoSoc/libscript/build/include conftest.c >&5
configure:7613: $? = 0
configure:7613: result: yes
configure:7613: checking for sys/stat.h
configure:7613: gcc -c -g -O2 -I/home/drex/Documents/Spring2016/gsoc/jojoSoc/libscript/build/include conftest.c >&5
configure:7613: $? = 0
configure:7613: result: yes
configure:7613: checking for stdlib.h
configure:7613: gcc -c -g -O2 -I/home/drex/Documents/Spring2016/gsoc/jojoSoc/libscript/build/include conftest.c >&5
configure:7613: $? = 0
configure:7613: result: yes
configure:7613: checking for string.h
configure:7613: gcc -c -g -O2 -I/home/drex/Documents/Spring2016/gsoc/jojoSoc/libscript/build/include conftest.c >&5
configure:7613: $? = 0
configure:7613: result: yes
configure:7613: checking for memory.h
configure:7613: gcc -c -g -O2 -I/home/drex/Documents/Spring2016/gsoc/jojoSoc/libscript/build/include conftest.c >&5
configure:7613: $? = 0
configure:7613: result: yes
configure:7613: checking for strings.h
configure:7613: gcc -c -g -O2 -I/home/drex/Documents/Spring2016/gsoc/jojoSoc/libscript/build/include conftest.c >&5
configure:7613: $? = 0
configure:7613: result: yes
configure:7613: checking for inttypes.h
configure:7613: gcc -c -g -O2 -I/home/drex/Documents/Spring2016/gsoc/jojoSoc/libscript/build/include conftest.c >&5
configure:7613: $? = 0
configure:7613: result: yes
configure:7613: checking for stdint.h
configure:7613: gcc -c -g -O2 -I/home/drex/Documents/Spring2016/gsoc/jojoSoc/libscript/build/include conftest.c >&5
configure:7613: $? = 0
configure:7613: result: yes
configure:7613: checking for unistd.h
configure:7613: gcc -c -g -O2 -I/home/drex/Documents/Spring2016/gsoc/jojoSoc/libscript/build/include conftest.c >&5
configure:7613: $? = 0
configure:7613: result: yes
configure:7627: checking for dlfcn.h
configure:7627: gcc -c -g -O2 -I/home/drex/Documents/Spring2016/gsoc/jojoSoc/libscript/build/include conftest.c >&5
configure:7627: $? = 0
configure:7627: result: yes
configure:7883: checking for objdir
configure:7898: result: .libs
configure:8158: checking if gcc supports -fno-rtti -fno-exceptions
configure:8176: gcc -c -g -O2 -I/home/drex/Documents/Spring2016/gsoc/jojoSoc/libscript/build/include -fno-rtti -fno-exceptions conftest.c >&5
cc1: warning: command line option '-fno-rtti' is valid for C++/ObjC++ but not for C
configure:8180: $? = 0
configure:8193: result: no
configure:8551: checking for gcc option to produce PIC
configure:8558: result: -fPIC -DPIC
configure:8566: checking if gcc PIC flag -fPIC -DPIC works
configure:8584: gcc -c -g -O2 -I/home/drex/Documents/Spring2016/gsoc/jojoSoc/libscript/build/include -fPIC -DPIC -DPIC conftest.c >&5
configure:8588: $? = 0
configure:8601: result: yes
configure:8630: checking if gcc static flag -static works
configure:8658: result: yes
configure:8673: checking if gcc supports -c -o file.o
configure:8694: gcc -c -g -O2 -I/home/drex/Documents/Spring2016/gsoc/jojoSoc/libscript/build/include -o out/conftest2.o conftest.c >&5
configure:8698: $? = 0
configure:8720: result: yes
configure:8728: checking if gcc supports -c -o file.o
configure:8775: result: yes
configure:8808: checking whether the gcc linker (/usr/bin/ld -m elf_x86_64) supports shared libraries
configure:10067: result: yes
configure:10104: checking whether -lc should be explicitly linked in
configure:10112: gcc -c -g -O2 -I/home/drex/Documents/Spring2016/gsoc/jojoSoc/libscript/build/include conftest.c >&5
configure:10115: $? = 0
configure:10130: gcc -shared  -fPIC -DPIC conftest.o  -v -Wl,-soname -Wl,conftest -o conftest 2\>\&1 \| /usr/bin/grep  -lc  \>/dev/null 2\>\&1
configure:10133: $? = 0
configure:10147: result: no
configure:10307: checking dynamic linker characteristics
configure:10888: gcc -o conftest -g -O2 -I/home/drex/Documents/Spring2016/gsoc/jojoSoc/libscript/build/include -L/home/drex/Documents/Spring2016/gsoc/jojoSoc/libscript/build/lib -Wl,-rpath -Wl,/foo conftest.c  >&5
configure:10888: $? = 0
configure:11125: result: GNU/Linux ld.so
configure:11247: checking how to hardcode library paths into programs
configure:11272: result: immediate
configure:11820: checking whether stripping libraries is possible
configure:11825: result: yes
configure:11860: checking if libtool supports shared libraries
configure:11862: result: yes
configure:11865: checking whether to build shared libraries
configure:11890: result: yes
configure:11893: checking whether to build static libraries
configure:11897: result: yes
configure:11984: checking for gcc
configure:12011: result: gcc
configure:12240: checking for C compiler version
configure:12249: gcc --version >&5
gcc (GCC) 5.3.0
Copyright (C) 2015 Free Software Foundation, Inc.
This is free software; see the source for copying conditions.  There is NO
warranty; not even for MERCHANTABILITY or FITNESS FOR A PARTICULAR PURPOSE.

configure:12260: $? = 0
configure:12249: gcc -v >&5
Using built-in specs.
COLLECT_GCC=gcc
COLLECT_LTO_WRAPPER=/usr/lib/gcc/x86_64-unknown-linux-gnu/5.3.0/lto-wrapper
Target: x86_64-unknown-linux-gnu
Configured with: /build/gcc/src/gcc-5.3.0/configure --prefix=/usr --libdir=/usr/lib --libexecdir=/usr/lib --mandir=/usr/share/man --infodir=/usr/share/info --with-bugurl=https://bugs.archlinux.org/ --enable-languages=c,c++,ada,fortran,go,lto,objc,obj-c++ --enable-shared --enable-threads=posix --enable-libmpx --with-system-zlib --with-isl --enable-__cxa_atexit --disable-libunwind-exceptions --enable-clocale=gnu --disable-libstdcxx-pch --disable-libssp --enable-gnu-unique-object --enable-linker-build-id --enable-lto --enable-plugin --enable-install-libiberty --with-linker-hash-style=gnu --enable-gnu-indirect-function --disable-multilib --disable-werror --enable-checking=release
Thread model: posix
gcc version 5.3.0 (GCC) 
configure:12260: $? = 0
configure:12249: gcc -V >&5
gcc: error: unrecognized command line option '-V'
gcc: fatal error: no input files
compilation terminated.
configure:12260: $? = 1
configure:12249: gcc -qversion >&5
gcc: error: unrecognized command line option '-qversion'
gcc: fatal error: no input files
compilation terminated.
configure:12260: $? = 1
configure:12264: checking whether we are using the GNU C compiler
configure:12292: result: yes
configure:12301: checking whether gcc accepts -g
configure:12362: result: yes
configure:12379: checking for gcc option to accept ISO C89
configure:12455: result: none needed
configure:12480: checking whether gcc understands -c and -o together
configure:12517: result: yes
configure:12536: checking dependency style of gcc
configure:12647: result: gcc3
configure:12684: checking for perl
configure:12702: found /usr/bin/perl
configure:12715: result: /usr/bin/perl
configure:12728: checking for perl ExtUtils::Embed module
configure:12734: $PERL -MExtUtils::Embed -e 0 1>&2
configure:12737: $? = 0
configure:12747: result: yes
configure:12751: checking for perl DynaLoader module
configure:12757: $PERL -MDynaLoader -e 0 1>&2
configure:12760: $? = 0
configure:12770: result: yes
configure:12778: /usr/bin/perl -MExtUtils::Embed -e ccopts
configure:12781: 0 = 0
configure:12783: /usr/bin/perl -MExtUtils::Embed -e ldopts
configure:12786: 0 = 0
configure:12788: /usr/bin/perl -MConfig '-e  = {"dlext"} || {"so"} || ""; print ""'
configure:12791: 0 = 0
configure:12792: checking if Perl SDK is usable
configure:12880: gcc -o conftest -D_REENTRANT -D_GNU_SOURCE -fwrapv -fno-strict-aliasing -pipe -fstack-protector-strong -I/usr/local/include -D_LARGEFILE_SOURCE -D_FILE_OFFSET_BITS=64 -I/usr/lib/perl5/core_perl/CORE  -g -O2 -I/home/drex/Documents/Spring2016/gsoc/jojoSoc/libscript/build/include   -L/home/drex/Documents/Spring2016/gsoc/jojoSoc/libscript/build/lib conftest.c -Wl,-E -Wl,-rpath,/usr/lib/perl5/core_perl/CORE -Wl,-O1,--sort-common,--as-needed,-z,relro -fstack-protector-strong -L/usr/local/lib -L/usr/lib/perl5/core_perl/CORE -lperl -lpthread -lnsl -ldl -lm -lcrypt -lutil -lc   >&5
configure:12880: $? = 0
configure:12910: result: yes
configure:13057: result: perl status: **** suitable version FOUND
configure:13074: error: Perl was compiled without the -Dusemultiplicity flag.

## ---------------- ##
## Cache variables. ##
## ---------------- ##

ac_cv_build=x86_64-unknown-linux-gnu
ac_cv_c_compiler_gnu=yes
ac_cv_env_CC_set=
ac_cv_env_CC_value=
ac_cv_env_CFLAGS_set=
ac_cv_env_CFLAGS_value=
ac_cv_env_CPPFLAGS_set=set
ac_cv_env_CPPFLAGS_value=-I/home/drex/Documents/Spring2016/gsoc/jojoSoc/libscript/build/include
ac_cv_env_CPP_set=
ac_cv_env_CPP_value=
ac_cv_env_LDFLAGS_set=set
ac_cv_env_LDFLAGS_value=-L/home/drex/Documents/Spring2016/gsoc/jojoSoc/libscript/build/lib
ac_cv_env_LIBS_set=
ac_cv_env_LIBS_value=
ac_cv_env_LT_SYS_LIBRARY_PATH_set=
ac_cv_env_LT_SYS_LIBRARY_PATH_value=
ac_cv_env_build_alias_set=
ac_cv_env_build_alias_value=
ac_cv_env_host_alias_set=
ac_cv_env_host_alias_value=
ac_cv_env_target_alias_set=
ac_cv_env_target_alias_value=
ac_cv_header_dlfcn_h=yes
ac_cv_header_inttypes_h=yes
ac_cv_header_memory_h=yes
ac_cv_header_stdc=yes
ac_cv_header_stdint_h=yes
ac_cv_header_stdlib_h=yes
ac_cv_header_string_h=yes
ac_cv_header_strings_h=yes
ac_cv_header_sys_stat_h=yes
ac_cv_header_sys_types_h=yes
ac_cv_header_unistd_h=yes
ac_cv_host=x86_64-unknown-linux-gnu
ac_cv_objext=o
ac_cv_path_EGREP='/usr/bin/grep -E'
ac_cv_path_FGREP='/usr/bin/grep -F'
ac_cv_path_GREP=/usr/bin/grep
ac_cv_path_PERL=/usr/bin/perl
ac_cv_path_SED=/usr/bin/sed
ac_cv_path_install='/usr/bin/install -c'
ac_cv_path_lt_DD=/usr/bin/dd
ac_cv_path_mkdir=/usr/bin/mkdir
ac_cv_perl=yes
ac_cv_perl_cflags='-D_REENTRANT -D_GNU_SOURCE -fwrapv -fno-strict-aliasing -pipe -fstack-protector-strong -I/usr/local/include -D_LARGEFILE_SOURCE -D_FILE_OFFSET_BITS=64 -I/usr/lib/perl5/core_perl/CORE'
ac_cv_perl_ext=so
ac_cv_perl_lflags='-Wl,-E -Wl,-rpath,/usr/lib/perl5/core_perl/CORE -Wl,-O1,--sort-common,--as-needed,-z,relro -fstack-protector-strong -L/usr/local/lib -L/usr/lib/perl5/core_perl/CORE -lperl -lpthread -lnsl -ldl -lm -lcrypt -lutil -lc'
ac_cv_perl_mod_dynaloader=yes
ac_cv_perl_mod_embed=yes
ac_cv_perl_valid=yes
ac_cv_prog_AWK=gawk
ac_cv_prog_CPP='gcc -E'
ac_cv_prog_ac_ct_AR=ar
ac_cv_prog_ac_ct_CC=gcc
ac_cv_prog_ac_ct_OBJDUMP=objdump
ac_cv_prog_ac_ct_RANLIB=ranlib
ac_cv_prog_ac_ct_STRIP=strip
ac_cv_prog_cc_c89=
ac_cv_prog_cc_g=yes
ac_cv_prog_make_make_set=yes
am_cv_CC_dependencies_compiler_type=gcc3
am_cv_make_support_nested_variables=yes
am_cv_prog_cc_c_o=yes
lt_cv_ar_at_file=@
lt_cv_archive_cmds_need_lc=no
lt_cv_deplibs_check_method=pass_all
lt_cv_file_magic_cmd='$MAGIC_CMD'
lt_cv_file_magic_test_file=
lt_cv_ld_reload_flag=-r
lt_cv_nm_interface='BSD nm'
lt_cv_objdir=.libs
lt_cv_path_LD=/usr/bin/ld
lt_cv_path_NM='/usr/bin/nm -B'
lt_cv_path_mainfest_tool=no
lt_cv_prog_compiler_c_o=yes
lt_cv_prog_compiler_pic='-fPIC -DPIC'
lt_cv_prog_compiler_pic_works=yes
lt_cv_prog_compiler_rtti_exceptions=no
lt_cv_prog_compiler_static_works=yes
lt_cv_prog_gnu_ld=yes
lt_cv_sharedlib_from_linklib_cmd='printf %s\n'
lt_cv_shlibpath_overrides_runpath=no
lt_cv_sys_global_symbol_pipe='sed -n -e '\''s/^.*[	 ]\([ABCDGIRSTW][ABCDGIRSTW]*\)[	 ][	 ]*\([_A-Za-z][_A-Za-z0-9]*\)$/\1 \2 \2/p'\'' | sed '\''/ __gnu_lto/d'\'''
lt_cv_sys_global_symbol_to_c_name_address='sed -n -e '\''s/^: \(.*\) .*$/  {"\1", (void *) 0},/p'\'' -e '\''s/^[ABCDGIRSTW][ABCDGIRSTW]* .* \(.*\)$/  {"\1", (void *) \&\1},/p'\'''
lt_cv_sys_global_symbol_to_c_name_address_lib_prefix='sed -n -e '\''s/^: \(.*\) .*$/  {"\1", (void *) 0},/p'\'' -e '\''s/^[ABCDGIRSTW][ABCDGIRSTW]* .* \(lib.*\)$/  {"\1", (void *) \&\1},/p'\'' -e '\''s/^[ABCDGIRSTW][ABCDGIRSTW]* .* \(.*\)$/  {"lib\1", (void *) \&\1},/p'\'''
lt_cv_sys_global_symbol_to_cdecl='sed -n -e '\''s/^T .* \(.*\)$/extern int \1();/p'\'' -e '\''s/^[ABCDGIRSTW][ABCDGIRSTW]* .* \(.*\)$/extern char \1;/p'\'''
lt_cv_sys_global_symbol_to_import=
lt_cv_sys_max_cmd_len=1572864
lt_cv_to_host_file_cmd=func_convert_file_noop
lt_cv_to_tool_file_cmd=func_convert_file_noop
lt_cv_truncate_bin='/usr/bin/dd bs=4096 count=1'

## ----------------- ##
## Output variables. ##
## ----------------- ##

ACLOCAL='${SHELL} /home/drex/Documents/Spring2016/gsoc/jojoSoc/libscript/libscript-perl/missing aclocal-1.15'
AMDEPBACKSLASH='\'
AMDEP_FALSE='#'
AMDEP_TRUE=''
AMTAR='$${TAR-tar}'
AM_BACKSLASH='\'
AM_DEFAULT_V='$(AM_DEFAULT_VERBOSITY)'
AM_DEFAULT_VERBOSITY='1'
AM_V='$(V)'
AR='ar'
AUTOCONF='${SHELL} /home/drex/Documents/Spring2016/gsoc/jojoSoc/libscript/libscript-perl/missing autoconf'
AUTOHEADER='${SHELL} /home/drex/Documents/Spring2016/gsoc/jojoSoc/libscript/libscript-perl/missing autoheader'
AUTOMAKE='${SHELL} /home/drex/Documents/Spring2016/gsoc/jojoSoc/libscript/libscript-perl/missing automake-1.15'
AWK='gawk'
CC='gcc'
CCDEPMODE='depmode=gcc3'
CFLAGS='-g -O2'
CPP='gcc -E'
CPPFLAGS='-I/home/drex/Documents/Spring2016/gsoc/jojoSoc/libscript/build/include'
CYGPATH_W='echo'
DEFS=''
DEPDIR='.deps'
DLLTOOL='false'
DSYMUTIL=''
DUMPBIN=''
ECHO_C=''
ECHO_N='-n'
ECHO_T=''
EGREP='/usr/bin/grep -E'
EXEEXT=''
FGREP='/usr/bin/grep -F'
GREP='/usr/bin/grep'
INSTALL_DATA='${INSTALL} -m 644'
INSTALL_PROGRAM='${INSTALL}'
INSTALL_SCRIPT='${INSTALL}'
INSTALL_STRIP_PROGRAM='$(install_sh) -c -s'
LD='/usr/bin/ld -m elf_x86_64'
LDFLAGS='-L/home/drex/Documents/Spring2016/gsoc/jojoSoc/libscript/build/lib'
LIBOBJS=''
LIBS=''
LIBTOOL='$(SHELL) $(top_builddir)/libtool'
LIPO=''
LN_S='ln -s'
LTLIBOBJS=''
LT_SYS_LIBRARY_PATH=''
MAKEINFO='${SHELL} /home/drex/Documents/Spring2016/gsoc/jojoSoc/libscript/libscript-perl/missing makeinfo'
MANIFEST_TOOL=':'
MKDIR_P='/usr/bin/mkdir -p'
NM='/usr/bin/nm -B'
NMEDIT=''
OBJDUMP='objdump'
OBJEXT='o'
OTOOL64=''
OTOOL=''
PACKAGE='libscript-perl'
PACKAGE_BUGREPORT='hisham@inf.puc-rio.br'
PACKAGE_NAME='libscript-perl'
PACKAGE_STRING='libscript-perl 1.0'
PACKAGE_TARNAME='libscript-perl'
PACKAGE_URL=''
PACKAGE_VERSION='1.0'
PATH_SEPARATOR=':'
PERL='/usr/bin/perl'
PERL_CFLAGS='-D_REENTRANT -D_GNU_SOURCE -fwrapv -fno-strict-aliasing -pipe -fstack-protector-strong -I/usr/local/include -D_LARGEFILE_SOURCE -D_FILE_OFFSET_BITS=64 -I/usr/lib/perl5/core_perl/CORE'
PERL_LDFLAGS='-Wl,-E -Wl,-rpath,/usr/lib/perl5/core_perl/CORE -Wl,-O1,--sort-common,--as-needed,-z,relro -fstack-protector-strong -L/usr/local/lib -L/usr/lib/perl5/core_perl/CORE -lperl -lpthread -lnsl -ldl -lm -lcrypt -lutil -lc'
RANLIB='ranlib'
SED='/usr/bin/sed'
SET_MAKE=''
SHELL='/bin/sh'
STRIP='strip'
VERSION='1.0'
ac_ct_AR='ar'
ac_ct_CC='gcc'
ac_ct_DUMPBIN=''
am__EXEEXT_FALSE=''
am__EXEEXT_TRUE=''
am__fastdepCC_FALSE='#'
am__fastdepCC_TRUE=''
am__include='include'
am__isrc=''
am__leading_dot='.'
am__nodep='_no'
am__quote=''
am__tar='$${TAR-tar} chof - "$$tardir"'
am__untar='$${TAR-tar} xf -'
bindir='${exec_prefix}/bin'
build='x86_64-unknown-linux-gnu'
build_alias=''
build_cpu='x86_64'
build_os='linux-gnu'
build_vendor='unknown'
datadir='${datarootdir}'
datarootdir='${prefix}/share'
docdir='${datarootdir}/doc/${PACKAGE_TARNAME}'
dvidir='${docdir}'
exec_prefix='NONE'
host='x86_64-unknown-linux-gnu'
host_alias=''
host_cpu='x86_64'
host_os='linux-gnu'
host_vendor='unknown'
htmldir='${docdir}'
includedir='${prefix}/include'
infodir='${datarootdir}/info'
install_sh='${SHELL} /home/drex/Documents/Spring2016/gsoc/jojoSoc/libscript/libscript-perl/install-sh'
libdir='${exec_prefix}/lib'
libexecdir='${exec_prefix}/libexec'
localedir='${datarootdir}/locale'
localstatedir='${prefix}/var'
mandir='${datarootdir}/man'
mkdir_p='$(MKDIR_P)'
oldincludedir='/usr/include'
pdfdir='${docdir}'
prefix='/home/drex/Documents/Spring2016/gsoc/jojoSoc/libscript/build'
program_transform_name='s,x,x,'
psdir='${docdir}'
sbindir='${exec_prefix}/sbin'
sharedstatedir='${prefix}/com'
sysconfdir='${prefix}/etc'
target_alias=''

## ----------- ##
## confdefs.h. ##
## ----------- ##

/* confdefs.h */
#define PACKAGE_NAME "libscript-perl"
#define PACKAGE_TARNAME "libscript-perl"
#define PACKAGE_VERSION "1.0"
#define PACKAGE_STRING "libscript-perl 1.0"
#define PACKAGE_BUGREPORT "hisham@inf.puc-rio.br"
#define PACKAGE_URL ""
#define PACKAGE "libscript-perl"
#define VERSION "1.0"
#define STDC_HEADERS 1
#define HAVE_SYS_TYPES_H 1
#define HAVE_SYS_STAT_H 1
#define HAVE_STDLIB_H 1
#define HAVE_STRING_H 1
#define HAVE_MEMORY_H 1
#define HAVE_STRINGS_H 1
#define HAVE_INTTYPES_H 1
#define HAVE_STDINT_H 1
#define HAVE_UNISTD_H 1
#define HAVE_DLFCN_H 1
#define LT_OBJDIR ".libs/"

configure: exit 1
